2026-01-30T18:27:07.147Z - POST /classes
2026-01-30T18:29:50.320Z - GET /classes
2026-01-30T18:30:43.508Z - POST /classes
2026-01-30T18:30:44.982Z - GET /classes
2026-01-30T18:30:49.444Z - GET /students
2026-01-30T18:30:49.454Z - GET /classes
2026-01-30T18:30:51.214Z - GET /students
2026-01-30T18:30:51.377Z - GET /classes
2026-01-30T18:33:01.825Z - GET /users/aa4e6163-807c-4cf4-8978-ff6da7e4cd33
2026-01-30T18:33:04.563Z - GET /users/aa4e6163-807c-4cf4-8978-ff6da7e4cd33
2026-01-30T18:33:16.655Z - GET /classes
2026-01-30T18:33:18.709Z - GET /classes
2026-01-30T18:33:18.732Z - GET /timetable/class/a5d7b191-e804-4ccf-a5cb-f4d274e66116
2026-01-30T18:34:21.440Z - GET /classes
2026-01-30T18:34:23.650Z - GET /classes
2026-01-30T18:34:23.674Z - GET /grades/class/a5d7b191-e804-4ccf-a5cb-f4d274e66116
2026-01-30T18:34:23.679Z - GET /students
2026-01-30T18:35:24.903Z - GET /students
2026-01-30T18:35:24.910Z - GET /classes
2026-01-30T18:35:33.745Z - GET /classes
2026-01-30T18:35:34.916Z - GET /students
2026-01-30T18:35:39.483Z - GET /classes
2026-01-30T18:35:40.580Z - GET /classes
2026-01-30T18:35:40.599Z - GET /students
2026-01-30T18:35:40.606Z - GET /grades/class/a5d7b191-e804-4ccf-a5cb-f4d274e66116
2026-01-30T18:35:43.233Z - GET /teachers
2026-01-30T18:35:43.825Z - GET /teachers
2026-01-30T18:35:59.964Z - GET /students
2026-01-30T18:35:59.971Z - GET /classes
2026-01-30T18:36:02.145Z - GET /classes
2026-01-30T18:36:03.145Z - GET /students
2026-01-30T18:36:48.723Z - GET /classes
2026-01-30T18:36:52.681Z - GET /classes
2026-01-30T18:36:52.711Z - GET /students
2026-01-30T18:36:52.719Z - GET /grades/class/a5d7b191-e804-4ccf-a5cb-f4d274e66116
2026-01-30T18:37:53.353Z - POST /auth/login
2026-01-30T18:38:00.429Z - GET /students
2026-01-30T18:38:00.434Z - GET /teachers
2026-01-30T18:38:00.439Z - GET /classes
2026-01-30T18:38:00.443Z - GET /students
2026-01-30T18:38:00.448Z - GET /teachers
2026-01-30T18:38:00.454Z - GET /classes
2026-01-30T18:38:09.103Z - GET /classes
2026-01-30T18:38:09.109Z - GET /classes
2026-01-30T18:38:12.491Z - GET /classes
2026-01-30T18:38:12.497Z - GET /classes
2026-01-30T18:38:17.664Z - GET /students
2026-01-30T18:38:17.671Z - GET /teachers
2026-01-30T18:38:17.677Z - GET /classes
2026-01-30T18:38:17.683Z - GET /students
2026-01-30T18:38:17.690Z - GET /teachers
2026-01-30T18:38:17.696Z - GET /classes
2026-01-30T18:38:18.597Z - GET /classes
2026-01-30T18:38:18.605Z - GET /classes
2026-01-30T18:38:50.468Z - POST /auth/login
2026-01-30T18:38:56.108Z - GET /students
2026-01-30T18:38:56.115Z - GET /teachers
2026-01-30T18:38:56.119Z - GET /classes
2026-01-30T18:38:56.123Z - GET /students
2026-01-30T18:38:56.128Z - GET /teachers
2026-01-30T18:38:56.136Z - GET /classes
2026-01-30T18:39:00.842Z - GET /classes
2026-01-30T18:39:00.858Z - GET /classes
2026-01-30T18:39:07.271Z - GET /users/2be397fe-eaaa-40f9-bd8d-c9a1692e565a
2026-01-30T18:39:09.924Z - GET /users/2be397fe-eaaa-40f9-bd8d-c9a1692e565a
2026-01-30T18:39:29.746Z - POST /auth/login
2026-01-30T18:39:40.658Z - POST /auth/login
2026-01-30T18:39:44.668Z - POST /auth/login
2026-01-30T18:39:53.903Z - POST /auth/login
2026-01-30T18:40:22.965Z - POST /auth/login
2026-01-30T18:40:24.930Z - GET /students
2026-01-30T18:40:24.947Z - GET /teachers
2026-01-30T18:40:24.954Z - GET /classes
2026-01-30T18:40:26.719Z - GET /students
2026-01-30T18:40:26.885Z - GET /classes
2026-01-30T18:40:27.560Z - GET /teachers
2026-01-30T18:40:32.965Z - GET /teachers
2026-01-30T18:40:33.503Z - GET /teachers
2026-01-30T18:40:34.607Z - GET /classes
2026-01-30T18:40:35.518Z - GET /classes
2026-01-30T18:40:35.534Z - GET /students
2026-01-30T18:40:35.541Z - GET /grades/class/a5d7b191-e804-4ccf-a5cb-f4d274e66116
2026-01-30T18:40:42.277Z - GET /teachers
2026-01-30T18:40:42.830Z - GET /teachers
2026-01-30T18:40:46.352Z - GET /students
2026-01-30T18:40:46.361Z - GET /classes
2026-01-30T18:40:47.353Z - GET /classes
2026-01-30T18:40:47.474Z - GET /teachers
2026-01-30T18:40:48.366Z - GET /classes
2026-01-30T18:40:48.386Z - GET /students
2026-01-30T18:40:49.096Z - GET /students
2026-01-30T18:40:49.143Z - GET /teachers
2026-01-30T18:40:49.272Z - GET /classes
2026-01-30T18:40:49.842Z - GET /students
2026-01-30T18:41:26.794Z - POST /auth/login
2026-01-30T18:41:28.595Z - GET /students
2026-01-30T18:41:28.601Z - GET /teachers
2026-01-30T18:41:28.606Z - GET /classes
2026-01-30T18:41:28.611Z - GET /students
2026-01-30T18:41:28.616Z - GET /teachers
2026-01-30T18:41:28.620Z - GET /classes
2026-01-30T18:41:38.751Z - GET /classes
2026-01-30T18:41:38.756Z - GET /classes
2026-01-30T18:41:49.051Z - GET /users/31a10600-ba36-47f1-b409-e4086e409610
2026-01-30T18:41:51.615Z - GET /users/31a10600-ba36-47f1-b409-e4086e409610
2026-01-30T18:41:54.083Z - GET /classes
2026-01-30T18:41:54.089Z - GET /classes
2026-01-30T18:46:34.217Z - GET /users/31a10600-ba36-47f1-b409-e4086e409610
2026-01-30T18:46:37.128Z - GET /users/31a10600-ba36-47f1-b409-e4086e409610
2026-01-30T18:46:39.477Z - GET /students
2026-01-30T18:46:39.482Z - GET /teachers
2026-01-30T18:46:39.486Z - GET /classes
2026-01-30T18:46:39.491Z - GET /students
2026-01-30T18:46:39.497Z - GET /teachers
2026-01-30T18:46:39.501Z - GET /classes
2026-01-30T18:46:47.062Z - GET /users/31a10600-ba36-47f1-b409-e4086e409610
2026-01-30T18:46:47.455Z - GET /users/31a10600-ba36-47f1-b409-e4086e409610
2026-01-30T18:47:14.172Z - GET /classes
2026-01-30T18:47:14.177Z - GET /classes
2026-01-30T18:50:32.938Z - GET /users/31a10600-ba36-47f1-b409-e4086e409610
2026-01-30T18:50:36.276Z - GET /users/31a10600-ba36-47f1-b409-e4086e409610
2026-01-30T18:53:37.879Z - GET /students
2026-01-30T18:53:37.917Z - GET /teachers
2026-01-30T18:53:37.924Z - GET /classes
2026-01-30T18:53:37.932Z - GET /students
2026-01-30T18:53:37.939Z - GET /teachers
2026-01-30T18:53:37.945Z - GET /classes
2026-01-30T18:54:14.630Z - POST /auth/login
2026-01-30T18:54:50.644Z - POST /auth/login
2026-01-30T18:54:54.206Z - GET /students
2026-01-30T18:54:54.238Z - GET /teachers
2026-01-30T18:54:54.249Z - GET /classes
2026-01-30T18:54:56.922Z - GET /classes
2026-01-30T18:54:57.120Z - GET /students
2026-01-30T18:54:57.874Z - GET /teachers
2026-01-30T18:54:58.135Z - GET /students
2026-01-30T18:54:58.171Z - GET /classes
2026-01-30T18:54:58.966Z - GET /students
2026-01-30T18:54:59.166Z - GET /classes
2026-01-30T18:55:01.041Z - GET /teachers
2026-01-30T18:55:01.646Z - GET /teachers
2026-01-30T18:55:02.080Z - GET /classes
2026-01-30T18:55:03.095Z - GET /classes
2026-01-30T18:55:13.192Z - GET /classes
2026-01-30T18:55:14.187Z - GET /classes
2026-01-30T18:55:14.226Z - GET /students
2026-01-30T18:55:14.252Z - GET /grades/class/a5d7b191-e804-4ccf-a5cb-f4d274e66116
2026-01-30T18:55:20.631Z - GET /classes
2026-01-30T18:55:22.899Z - GET /classes
2026-01-30T18:55:22.923Z - GET /students
2026-01-30T18:55:26.392Z - GET /attendance/class/a5d7b191-e804-4ccf-a5cb-f4d274e66116?date=2026-01-30
2026-01-30T18:55:29.890Z - GET /classes
2026-01-30T18:55:30.901Z - GET /students
2026-01-30T18:55:32.655Z - GET /attendance/class/a5d7b191-e804-4ccf-a5cb-f4d274e66116?date=2026-01-30
2026-01-30T18:55:33.572Z - GET /students
2026-01-30T18:55:33.598Z - GET /classes
2026-01-30T18:55:35.726Z - GET /classes
2026-01-30T18:55:36.934Z - GET /students
2026-01-30T18:56:19.295Z - POST /students
2026-01-30T18:56:28.221Z - POST /students
2026-01-30T18:56:32.472Z - POST /students
2026-01-30T18:56:37.386Z - POST /students
2026-01-30T18:56:37.692Z - GET /students
2026-01-30T18:56:37.709Z - GET /classes
2026-01-30T18:56:51.264Z - GET /classes
2026-01-30T18:56:54.307Z - GET /classes
2026-01-30T18:56:54.337Z - GET /students
2026-01-30T18:56:56.229Z - GET /classes
2026-01-30T18:56:57.458Z - GET /students
2026-01-30T18:56:58.329Z - GET /attendance/class/a5d7b191-e804-4ccf-a5cb-f4d274e66116?date=2026-01-30
2026-01-30T18:57:06.423Z - GET /students
2026-01-30T18:57:07.495Z - GET /attendance/class/a5d7b191-e804-4ccf-a5cb-f4d274e66116?date=2026-01-29
2026-01-30T18:57:13.689Z - POST /attendance/mark
2026-01-30T18:57:18.324Z - GET /students
2026-01-30T18:57:24.059Z - GET /attendance/class/a5d7b191-e804-4ccf-a5cb-f4d274e66116?date=2026-01-30
2026-01-30T18:57:32.447Z - GET /students
2026-01-30T18:57:37.781Z - GET /attendance/class/a5d7b191-e804-4ccf-a5cb-f4d274e66116?date=2026-01-28
2026-01-30T18:57:45.652Z - POST /attendance/mark
2026-01-30T18:57:50.746Z - GET /classes
2026-01-30T18:57:52.595Z - GET /students
2026-01-30T18:57:55.024Z - GET /attendance/class/a5d7b191-e804-4ccf-a5cb-f4d274e66116?date=2026-01-30
2026-01-30T18:58:05.445Z - GET /students
2026-01-30T18:58:11.566Z - GET /attendance/class/a5d7b191-e804-4ccf-a5cb-f4d274e66116?date=2026-01-29
2026-01-30T18:58:15.673Z - GET /students
2026-01-30T18:58:17.793Z - GET /attendance/class/a5d7b191-e804-4ccf-a5cb-f4d274e66116?date=2026-01-28
2026-01-30T18:58:27.272Z - GET /students
2026-01-30T18:58:30.717Z - GET /attendance/class/a5d7b191-e804-4ccf-a5cb-f4d274e66116?date=2026-01-30
2026-01-30T18:58:33.208Z - POST /attendance/mark
2026-01-30T18:58:37.687Z - GET /classes
2026-01-30T18:58:39.871Z - GET /students
2026-01-30T18:58:42.482Z - GET /attendance/class/a5d7b191-e804-4ccf-a5cb-f4d274e66116?date=2026-01-30
2026-01-30T19:01:39.718Z - GET /teachers
2026-01-30T19:01:44.062Z - GET /teachers
2026-01-30T19:01:58.801Z - GET /classes
2026-01-30T19:02:04.586Z - GET /classes
2026-01-30T19:03:48.099Z - GET /classes
2026-01-30T19:03:53.175Z - GET /classes
2026-01-30T19:03:53.228Z - GET /students
2026-01-30T19:03:54.400Z - GET /users/aa4e6163-807c-4cf4-8978-ff6da7e4cd33
2026-01-30T19:03:57.640Z - GET /users/aa4e6163-807c-4cf4-8978-ff6da7e4cd33
2026-01-30T19:03:59.356Z - GET /attendance/class/a5d7b191-e804-4ccf-a5cb-f4d274e66116?date=2026-01-30
2026-01-30T19:04:00.285Z - GET /classes
2026-01-30T19:04:01.448Z - GET /classes
2026-01-30T19:04:01.480Z - GET /timetable/class/a5d7b191-e804-4ccf-a5cb-f4d274e66116
2026-01-30T19:05:44.833Z - GET /classes
2026-01-30T19:05:45.253Z - GET /teachers
2026-01-30T19:05:48.822Z - GET /classes
2026-01-30T19:05:53.454Z - GET /teachers
2026-01-30T19:06:02.837Z - GET /classes
2026-01-30T19:06:04.042Z - GET /classes
2026-01-30T19:08:27.387Z - GET /classes
2026-01-30T19:08:36.327Z - GET /classes
2026-01-30T19:08:36.377Z - GET /timetable/class/a5d7b191-e804-4ccf-a5cb-f4d274e66116
2026-01-30T19:08:43.299Z - GET /classes
2026-01-30T19:08:45.690Z - GET /classes
2026-01-30T19:10:21.122Z - GET /teachers
2026-01-30T19:10:25.696Z - GET /teachers
2026-01-30T19:10:36.650Z - GET /classes
2026-01-30T19:10:40.436Z - GET /classes
2026-01-30T19:10:40.504Z - GET /students
2026-01-30T19:10:40.518Z - GET /grades/class/a5d7b191-e804-4ccf-a5cb-f4d274e66116
2026-01-30T19:14:06.016Z - GET /classes
2026-01-30T19:14:11.589Z - GET /classes
2026-01-30T19:14:11.627Z - GET /timetable/class/a5d7b191-e804-4ccf-a5cb-f4d274e66116
2026-01-30T19:14:16.514Z - GET /classes
2026-01-30T19:14:18.190Z - GET /classes
2026-01-30T19:14:18.289Z - GET /students
2026-01-30T19:14:18.307Z - GET /grades/class/a5d7b191-e804-4ccf-a5cb-f4d274e66116
2026-01-30T19:16:48.800Z - GET /classes
2026-01-30T19:16:53.222Z - GET /classes
2026-01-30T19:16:53.254Z - GET /students
2026-01-30T19:16:59.833Z - GET /attendance/class/a5d7b191-e804-4ccf-a5cb-f4d274e66116?date=2026-01-30
2026-01-30T19:18:29.574Z - GET /users/aa4e6163-807c-4cf4-8978-ff6da7e4cd33
2026-01-30T19:18:33.113Z - GET /users/aa4e6163-807c-4cf4-8978-ff6da7e4cd33
2026-01-30T19:18:34.549Z - GET /classes
2026-01-30T19:18:36.064Z - GET /classes
2026-01-30T19:18:36.099Z - GET /timetable/class/a5d7b191-e804-4ccf-a5cb-f4d274e66116
2026-01-30T19:18:51.622Z - GET /timetable/class/a5d7b191-e804-4ccf-a5cb-f4d274e66116
2026-01-30T19:19:31.411Z - GET /classes
2026-01-30T19:19:35.223Z - GET /classes
2026-01-30T19:19:42.905Z - GET /teachers
2026-01-30T19:19:46.339Z - GET /teachers
2026-01-30T19:21:24.011Z - GET /students
2026-01-30T19:21:24.063Z - GET /classes
2026-01-30T19:21:24.095Z - GET /teachers
2026-01-30T19:21:27.204Z - GET /classes
2026-01-30T19:21:28.410Z - GET /students
2026-01-30T19:21:28.562Z - GET /teachers
2026-01-30T19:22:02.548Z - GET /students
2026-01-30T19:22:02.571Z - GET /classes
2026-01-30T19:22:05.793Z - GET /classes
2026-01-30T19:22:06.784Z - GET /students
2026-01-30T19:22:26.882Z - GET /students
2026-01-30T19:22:26.894Z - GET /teachers
2026-01-30T19:22:26.907Z - GET /classes
2026-01-30T19:22:35.929Z - GET /classes
2026-01-30T19:22:38.269Z - GET /teachers
2026-01-30T19:22:39.085Z - GET /classes
2026-01-30T19:22:39.866Z - GET /teachers
2026-01-30T19:22:40.251Z - GET /classes
2026-01-30T19:22:40.482Z - GET /teachers
2026-01-30T19:22:41.064Z - GET /teachers
2026-01-30T19:22:41.648Z - GET /teachers
2026-01-30T19:22:46.919Z - GET /students
2026-01-30T19:22:48.087Z - GET /students
2026-01-30T19:22:49.331Z - GET /students
2026-01-30T19:22:55.008Z - GET /teachers
2026-01-30T19:22:55.795Z - GET /teachers
2026-01-30T19:23:32.957Z - GET /students
2026-01-30T19:23:32.976Z - GET /teachers
2026-01-30T19:23:32.990Z - GET /classes
2026-01-30T19:23:37.419Z - GET /classes
2026-01-30T19:23:37.829Z - GET /teachers
2026-01-30T19:23:38.020Z - GET /students
2026-01-30T19:24:02.446Z - GET /classes
2026-01-30T19:24:06.013Z - GET /classes
2026-01-30T19:24:16.408Z - GET /teachers
2026-01-30T19:24:19.708Z - GET /teachers
2026-01-30T19:24:35.845Z - GET /classes
2026-01-30T19:24:41.620Z - GET /classes
2026-01-30T19:24:46.256Z - GET /classes
2026-01-30T19:24:47.774Z - GET /classes
2026-01-30T19:24:47.852Z - GET /timetable/class/a5d7b191-e804-4ccf-a5cb-f4d274e66116
2026-01-30T19:24:50.172Z - GET /classes
2026-01-30T19:24:51.973Z - GET /classes
2026-01-30T19:24:51.996Z - GET /students
2026-01-30T19:24:52.028Z - GET /grades/class/a5d7b191-e804-4ccf-a5cb-f4d274e66116
2026-01-30T19:24:59.152Z - GET /classes
2026-01-30T19:25:01.518Z - GET /classes
2026-01-30T19:25:01.580Z - GET /students
2026-01-30T19:25:06.945Z - GET /attendance/class/a5d7b191-e804-4ccf-a5cb-f4d274e66116?date=2026-01-30
2026-01-30T19:36:38.825Z - GET /classes
2026-01-30T19:36:44.521Z - GET /students
2026-01-30T19:36:46.822Z - GET /attendance/class/a5d7b191-e804-4ccf-a5cb-f4d274e66116?date=2026-01-30
2026-01-30T19:37:35.984Z - GET /classes
2026-01-30T19:37:39.177Z - GET /students
2026-01-30T19:37:41.864Z - GET /attendance/class/a5d7b191-e804-4ccf-a5cb-f4d274e66116?date=2026-01-30
2026-01-30T19:40:49.201Z - GET /students
2026-01-30T19:41:18.348Z - GET /attendance/class/a5d7b191-e804-4ccf-a5cb-f4d274e66116?date=2026-01-29
2026-01-30T19:41:33.791Z - POST /attendance/mark
2026-01-30T19:41:38.855Z - GET /students
2026-01-30T19:41:41.957Z - GET /attendance/class/a5d7b191-e804-4ccf-a5cb-f4d274e66116?date=2026-01-29
2026-01-30T19:41:44.797Z - GET /students
2026-01-30T19:41:45.869Z - GET /attendance/class/a5d7b191-e804-4ccf-a5cb-f4d274e66116?date=2026-01-30
2026-01-30T19:41:57.158Z - POST /attendance/mark
2026-01-30T19:42:01.208Z - GET /students
2026-01-30T19:42:05.242Z - GET /attendance/class/a5d7b191-e804-4ccf-a5cb-f4d274e66116?date=2026-01-30
2026-01-30T19:42:08.768Z - GET /students
2026-01-30T19:42:10.027Z - GET /attendance/class/a5d7b191-e804-4ccf-a5cb-f4d274e66116?date=2026-01-29
2026-01-30T19:42:22.716Z - GET /students
2026-01-30T19:42:22.733Z - GET /classes
2026-01-30T19:42:24.799Z - GET /classes
2026-01-30T19:42:25.694Z - GET /students
2026-01-30T19:42:36.245Z - GET /teachers
2026-01-30T19:42:36.258Z - GET /subjects
2026-01-30T19:42:37.994Z - GET /teachers
2026-01-30T19:42:38.155Z - GET /subjects
2026-01-30T19:42:55.086Z - GET /subjects
2026-01-30T19:42:57.518Z - GET /subjects
2026-01-30T19:43:29.226Z - POST /subjects
2026-01-30T19:43:32.707Z - GET /subjects
2026-01-30T19:43:45.337Z - GET /classes
2026-01-30T19:43:45.344Z - GET /subjects
2026-01-30T19:43:47.482Z - GET /subjects
2026-01-30T19:43:49.837Z - GET /classes
2026-01-30T19:44:00.783Z - GET /classes
2026-01-30T19:44:00.796Z - GET /subjects
2026-01-30T19:44:00.811Z - GET /teachers
2026-01-30T19:44:02.512Z - GET /subjects
2026-01-30T19:44:03.048Z - GET /classes
2026-01-30T19:44:03.792Z - GET /teachers
2026-01-30T19:44:03.913Z - GET /timetable/class/a5d7b191-e804-4ccf-a5cb-f4d274e66116
2026-01-30T19:44:10.770Z - GET /classes
2026-01-30T19:44:10.778Z - GET /subjects
2026-01-30T19:44:11.301Z - GET /subjects
2026-01-30T19:44:11.905Z - GET /classes
2026-01-30T19:44:11.937Z - GET /students
2026-01-30T19:44:11.947Z - GET /grades/class/a5d7b191-e804-4ccf-a5cb-f4d274e66116
2026-01-30T19:46:50.519Z - GET /classes
2026-01-30T19:47:10.529Z - GET /classes
2026-01-30T19:47:22.399Z - GET /attendance/class/a5d7b191-e804-4ccf-a5cb-f4d274e66116?date=2026-01-30
2026-01-30T19:47:29.705Z - GET /students
2026-01-30T19:47:37.447Z - GET /attendance/class/a5d7b191-e804-4ccf-a5cb-f4d274e66116?date=2026-01-29
2026-01-30T19:48:09.044Z - GET /students
2026-01-30T19:48:13.718Z - GET /attendance/class/a5d7b191-e804-4ccf-a5cb-f4d274e66116?date=2026-01-30
2026-01-30T19:51:52.448Z - GET /students
2026-01-30T19:51:58.602Z - GET /attendance/class/a5d7b191-e804-4ccf-a5cb-f4d274e66116?date=2026-01-27
2026-01-30T19:52:02.555Z - GET /students
2026-01-30T19:52:03.845Z - GET /attendance/class/a5d7b191-e804-4ccf-a5cb-f4d274e66116?date=2026-01-28
2026-01-30T19:52:08.506Z - GET /students
2026-01-30T19:52:09.606Z - GET /attendance/class/a5d7b191-e804-4ccf-a5cb-f4d274e66116?date=2026-01-26
2026-01-30T19:52:34.578Z - GET /students
2026-01-30T19:52:40.048Z - GET /attendance/class/a5d7b191-e804-4ccf-a5cb-f4d274e66116?date=2026-01-20
2026-01-30T19:52:47.758Z - POST /attendance/mark
2026-01-30T19:52:50.357Z - GET /students
2026-01-30T19:52:53.839Z - GET /attendance/class/a5d7b191-e804-4ccf-a5cb-f4d274e66116?date=2026-01-20
2026-01-30T19:53:22.029Z - GET /students
2026-01-30T19:53:26.765Z - GET /attendance/class/a5d7b191-e804-4ccf-a5cb-f4d274e66116?date=2026-01-19
2026-01-30T19:53:30.892Z - GET /students
2026-01-30T19:53:31.943Z - GET /attendance/class/a5d7b191-e804-4ccf-a5cb-f4d274e66116?date=2026-01-29
2026-01-30T19:53:35.051Z - GET /students
2026-01-30T19:53:36.304Z - GET /attendance/class/a5d7b191-e804-4ccf-a5cb-f4d274e66116?date=2026-01-28
2026-01-30T19:53:40.882Z - GET /classes
2026-01-30T19:53:41.902Z - GET /students
2026-01-30T19:53:42.624Z - GET /attendance/class/a5d7b191-e804-4ccf-a5cb-f4d274e66116?date=2026-01-30
2026-01-30T19:53:46.404Z - GET /students
2026-01-30T19:53:47.954Z - GET /attendance/class/a5d7b191-e804-4ccf-a5cb-f4d274e66116?date=2026-01-29
2026-01-30T19:53:52.571Z - GET /students
2026-01-30T19:53:54.054Z - GET /attendance/class/a5d7b191-e804-4ccf-a5cb-f4d274e66116?date=2026-01-19
2026-01-30T19:54:21.770Z - GET /subjects
2026-01-30T19:54:25.083Z - GET /subjects
2026-01-30T19:54:35.119Z - GET /classes
2026-01-30T19:54:35.129Z - GET /subjects
2026-01-30T19:54:37.768Z - GET /subjects
2026-01-30T19:54:38.267Z - GET /classes
2026-01-30T19:54:51.956Z - GET /subjects
2026-01-30T19:54:55.107Z - GET /subjects
2026-01-30T19:55:47.851Z - POST /subjects
2026-01-30T19:55:50.803Z - GET /subjects
2026-01-30T19:56:26.317Z - GET /classes
2026-01-30T19:56:26.325Z - GET /subjects
2026-01-30T19:56:26.337Z - GET /teachers
2026-01-30T19:56:28.662Z - GET /subjects
2026-01-30T19:56:29.508Z - GET /classes
2026-01-30T19:56:29.523Z - GET /subjects
2026-01-30T19:56:29.946Z - GET /subjects
2026-01-30T19:56:30.204Z - GET /teachers
2026-01-30T19:56:30.540Z - GET /classes
2026-01-30T19:56:31.437Z - GET /classes
2026-01-30T19:56:31.468Z - GET /students
2026-01-30T19:56:31.478Z - GET /grades/class/a5d7b191-e804-4ccf-a5cb-f4d274e66116
2026-01-30T19:56:32.671Z - GET /classes
2026-01-30T19:56:34.296Z - GET /classes
2026-01-30T19:56:34.318Z - GET /students
2026-01-30T19:56:35.050Z - GET /attendance/class/a5d7b191-e804-4ccf-a5cb-f4d274e66116?date=2026-01-30
2026-01-30T19:56:37.583Z - GET /classes
2026-01-30T19:56:37.604Z - GET /subjects
2026-01-30T19:56:38.220Z - GET /subjects
2026-01-30T19:56:38.515Z - GET /teachers
2026-01-30T19:56:38.613Z - GET /subjects
2026-01-30T19:56:38.832Z - GET /classes
2026-01-30T19:56:39.199Z - GET /subjects
2026-01-30T19:56:39.574Z - GET /teachers
2026-01-30T19:56:40.342Z - GET /students
2026-01-30T19:56:40.631Z - GET /classes
2026-01-30T19:56:41.216Z - GET /students
2026-01-30T19:56:41.678Z - GET /classes
2026-01-30T19:56:50.187Z - GET /classes
2026-01-30T19:56:50.195Z - GET /subjects
2026-01-30T19:56:50.592Z - GET /subjects
2026-01-30T19:56:51.304Z - GET /classes
2026-01-30T19:56:53.794Z - GET /subjects
2026-01-30T19:56:54.353Z - GET /subjects
2026-01-30T19:56:56.149Z - GET /classes
2026-01-30T19:56:56.157Z - GET /subjects
2026-01-30T19:56:56.166Z - GET /teachers
2026-01-30T19:56:56.518Z - GET /subjects
2026-01-30T19:56:57.045Z - GET /classes
2026-01-30T19:56:57.908Z - GET /teachers
2026-01-30T19:56:57.945Z - GET /timetable/class/a5d7b191-e804-4ccf-a5cb-f4d274e66116
2026-01-30T19:57:27.401Z - POST /timetable
2026-01-30T19:57:30.472Z - POST /timetable
2026-01-30T19:57:31.027Z - GET /timetable/class/a5d7b191-e804-4ccf-a5cb-f4d274e66116
2026-01-30T19:57:34.424Z - GET /timetable/class/a5d7b191-e804-4ccf-a5cb-f4d274e66116
2026-01-30T19:57:42.021Z - GET /classes
2026-01-30T19:57:42.028Z - GET /subjects
2026-01-30T19:57:42.036Z - GET /teachers
2026-01-30T19:57:45.373Z - GET /timetable/class/a5d7b191-e804-4ccf-a5cb-f4d274e66116
2026-01-30T19:58:05.400Z - POST /timetable
2026-01-30T19:58:08.365Z - GET /timetable/class/a5d7b191-e804-4ccf-a5cb-f4d274e66116
2026-01-30T19:58:12.084Z - GET /classes
2026-01-30T19:58:12.100Z - GET /subjects
2026-01-30T19:58:14.745Z - GET /subjects
2026-01-30T19:58:15.990Z - GET /classes
2026-01-30T19:58:16.024Z - GET /students
2026-01-30T19:58:16.034Z - GET /grades/class/a5d7b191-e804-4ccf-a5cb-f4d274e66116
2026-01-30T20:00:56.298Z - GET /students
2026-01-30T20:00:57.215Z - GET /classes
2026-01-30T20:00:59.418Z - GET /classes
2026-01-30T20:00:59.862Z - GET /students
2026-01-30T20:01:31.832Z - GET /classes
2026-01-30T20:01:31.838Z - GET /subjects
2026-01-30T20:01:33.341Z - GET /subjects
2026-01-30T20:01:34.720Z - GET /classes
2026-01-30T20:01:47.376Z - GET /classes
2026-01-30T20:01:50.227Z - GET /classes
2026-01-30T20:01:50.244Z - GET /students
2026-01-30T20:01:52.038Z - GET /attendance/class/a5d7b191-e804-4ccf-a5cb-f4d274e66116?date=2026-01-30
2026-01-30T20:01:54.939Z - GET /students
2026-01-30T20:01:55.670Z - GET /attendance/class/a5d7b191-e804-4ccf-a5cb-f4d274e66116?date=2026-01-28
2026-01-30T20:02:00.759Z - GET /classes
2026-01-30T20:02:00.771Z - GET /subjects
2026-01-30T20:02:01.131Z - GET /subjects
2026-01-30T20:02:01.637Z - GET /classes
2026-01-30T20:02:01.653Z - GET /students
2026-01-30T20:02:01.664Z - GET /grades/class/a5d7b191-e804-4ccf-a5cb-f4d274e66116
2026-01-30T20:13:21.516Z - GET /students
2026-01-30T20:13:22.061Z - GET /grades/class/a5d7b191-e804-4ccf-a5cb-f4d274e66116
2026-01-30T20:15:27.553Z - POST /auth/login
2026-01-30T20:15:29.863Z - GET /students
2026-01-30T20:15:29.876Z - GET /classes
2026-01-30T20:15:29.881Z - GET /teachers
2026-01-30T20:15:31.601Z - GET /students
2026-01-30T20:15:31.856Z - GET /classes
2026-01-30T20:15:32.587Z - GET /teachers
2026-01-30T21:59:16.485Z - GET /students
2026-01-30T21:59:17.029Z - GET /classes
2026-01-30T21:59:20.079Z - GET /teachers
2026-01-30T21:59:22.124Z - GET /teachers
2026-01-30T21:59:22.136Z - GET /classes
2026-01-30T21:59:22.553Z - GET /students
2026-01-30T21:59:23.216Z - GET /classes
2026-01-30T21:59:23.420Z - GET /students
2026-01-30T21:59:25.738Z - GET /teachers
2026-01-30T21:59:25.769Z - GET /subjects
2026-01-30T21:59:29.750Z - GET /organizations/2796b767-496a-4e2f-a508-dc80d9f136d7/stats
2026-01-30T21:59:30.866Z - GET /letters
2026-01-30T21:59:31.089Z - GET /students
2026-01-30T21:59:31.113Z - GET /teachers
2026-01-30T21:59:31.125Z - GET /classes
2026-01-30T21:59:32.019Z - GET /teachers
2026-01-30T21:59:32.549Z - GET /classes
2026-01-30T21:59:34.009Z - GET /students
2026-01-30T21:59:34.181Z - GET /classes
2026-01-30T21:59:34.202Z - GET /subjects
2026-01-30T21:59:36.442Z - GET /students
2026-01-30T21:59:36.459Z - GET /teachers
2026-01-30T21:59:36.474Z - GET /classes
2026-01-30T21:59:37.144Z - GET /teachers
2026-01-30T21:59:37.354Z - GET /students
2026-01-30T21:59:37.549Z - GET /classes
2026-01-30T21:59:39.123Z - GET /classes
2026-01-30T21:59:40.189Z - GET /students
2026-01-30T21:59:41.174Z - GET /attendance/class/a5d7b191-e804-4ccf-a5cb-f4d274e66116?date=2026-01-30
2026-01-30T22:00:25.398Z - GET /students
2026-01-30T22:00:25.413Z - GET /teachers
2026-01-30T22:00:25.425Z - GET /classes
2026-01-30T22:00:28.739Z - GET /classes
2026-01-30T22:00:29.130Z - GET /teachers
2026-01-30T22:00:29.765Z - GET /students
2026-01-30T22:00:30.437Z - GET /organizations/2796b767-496a-4e2f-a508-dc80d9f136d7/stats
2026-01-30T22:00:30.461Z - GET /letters
2026-01-30T22:00:37.149Z - GET /students
2026-01-30T22:00:37.164Z - GET /teachers
2026-01-30T22:00:37.173Z - GET /classes
2026-01-30T22:00:37.977Z - GET /teachers
2026-01-30T22:00:38.330Z - GET /students
2026-01-30T22:00:39.247Z - GET /classes
2026-01-30T22:00:40.190Z - GET /students
2026-01-30T22:00:40.331Z - GET /classes
2026-01-30T22:00:41.049Z - GET /students
2026-01-30T22:00:41.332Z - GET /classes
2026-01-30T22:00:41.509Z - GET /teachers
2026-01-30T22:00:41.534Z - GET /subjects
2026-01-30T22:00:41.958Z - GET /subjects
2026-01-30T22:00:42.214Z - GET /teachers
2026-01-30T22:00:42.535Z - GET /subjects
2026-01-30T22:00:42.548Z - GET /classes
2026-01-30T22:00:42.944Z - GET /subjects
2026-01-30T22:00:43.616Z - GET /classes
2026-01-30T22:00:44.394Z - GET /students
2026-01-30T22:00:44.408Z - GET /teachers
2026-01-30T22:00:44.693Z - GET /classes
2026-01-30T22:00:45.059Z - GET /teachers
2026-01-30T22:00:45.380Z - GET /students
2026-01-30T22:00:45.826Z - GET /classes
2026-01-30T22:00:46.859Z - GET /classes
2026-01-30T22:00:47.904Z - GET /students
2026-01-30T22:00:48.906Z - GET /attendance/class/a5d7b191-e804-4ccf-a5cb-f4d274e66116?date=2026-01-30
2026-01-30T22:00:49.257Z - GET /students
2026-01-30T22:00:49.269Z - GET /teachers
2026-01-30T22:00:49.281Z - GET /classes
2026-01-30T22:00:49.943Z - GET /teachers
2026-01-30T22:00:50.129Z - GET /students
2026-01-30T22:00:51.330Z - GET /classes
2026-01-30T22:00:58.185Z - GET /students
2026-01-30T22:00:58.195Z - GET /teachers
2026-01-30T22:00:58.205Z - GET /classes
2026-01-30T22:01:00.496Z - GET /students
2026-01-30T22:01:00.571Z - GET /classes
2026-01-30T22:01:01.374Z - GET /students
2026-01-30T22:01:01.648Z - GET /classes
2026-01-30T22:01:01.781Z - GET /teachers
2026-01-30T22:01:01.800Z - GET /subjects
2026-01-30T22:01:02.228Z - GET /subjects
2026-01-30T22:01:02.412Z - GET /teachers
2026-01-30T22:01:02.758Z - GET /classes
2026-01-30T22:01:02.765Z - GET /subjects
2026-01-30T22:01:03.169Z - GET /subjects
2026-01-30T22:01:03.863Z - GET /classes
2026-01-30T22:01:05.330Z - GET /subjects
2026-01-30T22:01:06.004Z - GET /subjects
2026-01-30T22:01:07.470Z - GET /classes
2026-01-30T22:01:07.480Z - GET /subjects
2026-01-30T22:01:07.492Z - GET /teachers
2026-01-30T22:01:07.901Z - GET /subjects
2026-01-30T22:01:08.125Z - GET /teachers
2026-01-30T22:01:08.528Z - GET /classes
2026-01-30T22:01:08.561Z - GET /timetable/class/a5d7b191-e804-4ccf-a5cb-f4d274e66116
2026-01-30T22:01:09.674Z - GET /teachers
2026-01-30T22:01:09.685Z - GET /classes
2026-01-30T22:01:09.695Z - GET /students
2026-01-30T22:01:10.291Z - GET /teachers
2026-01-30T22:01:10.479Z - GET /students
2026-01-30T22:01:10.703Z - GET /classes
2026-01-30T22:03:29.557Z - GET /students
2026-01-30T22:03:29.569Z - GET /classes
2026-01-30T22:07:14.650Z - GET /teachers
2026-01-30T22:07:14.660Z - GET /subjects
2026-01-30T22:07:17.714Z - GET /subjects
2026-01-30T22:07:19.879Z - GET /teachers
2026-01-30T22:07:50.252Z - GET /students
2026-01-30T22:07:50.262Z - GET /teachers
2026-01-30T22:07:50.271Z - GET /classes
2026-01-30T22:07:53.585Z - GET /classes
2026-01-30T22:07:54.513Z - GET /teachers
2026-01-30T22:07:54.762Z - GET /students
2026-01-30T22:07:55.157Z - GET /teachers
2026-01-30T22:07:55.179Z - GET /subjects
2026-01-30T22:07:55.591Z - GET /subjects
2026-01-30T22:07:55.842Z - GET /teachers
2026-01-30T22:08:50.149Z - POST /teachers
2026-01-30T22:09:18.944Z - POST /teachers
2026-01-30T22:09:26.414Z - POST /teachers
2026-01-30T22:09:56.221Z - GET /classes
2026-01-30T22:09:56.232Z - GET /subjects
2026-01-30T22:09:59.225Z - GET /subjects
2026-01-30T22:10:00.193Z - GET /classes
2026-01-30T22:10:46.662Z - POST /classes
2026-01-30T22:10:49.734Z - GET /classes
2026-01-30T22:10:49.782Z - GET /subjects
2026-01-30T22:11:50.047Z - GET /subjects
2026-01-30T22:11:52.652Z - GET /subjects
2026-01-30T22:11:59.085Z - GET /classes
2026-01-30T22:11:59.097Z - GET /subjects
2026-01-30T22:11:59.105Z - GET /teachers
2026-01-30T22:12:00.894Z - GET /subjects
2026-01-30T22:12:01.212Z - GET /classes
2026-01-30T22:12:02.446Z - GET /teachers
2026-01-30T22:12:02.492Z - GET /timetable/class/a5d7b191-e804-4ccf-a5cb-f4d274e66116
2026-01-30T22:12:14.161Z - GET /timetable/class/c597179b-8506-47af-b4b7-2c24f3caf793
2026-01-30T22:12:50.690Z - POST /timetable
2026-01-30T22:12:54.377Z - GET /timetable/class/c597179b-8506-47af-b4b7-2c24f3caf793
2026-01-30T22:15:59.445Z - GET /classes
2026-01-30T22:15:59.458Z - GET /subjects
2026-01-30T22:16:02.550Z - GET /subjects
2026-01-30T22:16:04.234Z - GET /classes
2026-01-30T22:16:04.271Z - GET /students
2026-01-30T22:16:04.283Z - GET /grades/class/a5d7b191-e804-4ccf-a5cb-f4d274e66116
2026-01-30T22:16:05.586Z - GET /grades/class/c597179b-8506-47af-b4b7-2c24f3caf793
2026-01-30T22:16:07.114Z - GET /students
2026-01-30T22:16:07.258Z - GET /grades/class/a5d7b191-e804-4ccf-a5cb-f4d274e66116
2026-01-30T22:16:07.963Z - GET /students
2026-01-30T22:16:20.303Z - GET /students
2026-01-30T22:16:20.318Z - GET /classes
2026-01-30T22:16:23.963Z - GET /classes
2026-01-30T22:16:25.326Z - GET /students
2026-01-30T22:16:43.098Z - GET /classes
2026-01-30T22:16:43.115Z - GET /subjects
2026-01-30T22:16:44.888Z - GET /subjects
2026-01-30T22:16:47.432Z - GET /classes
2026-01-30T22:16:47.478Z - GET /students
2026-01-30T22:16:47.488Z - GET /grades/class/a5d7b191-e804-4ccf-a5cb-f4d274e66116
2026-01-30T22:16:49.284Z - GET /grades/class/c597179b-8506-47af-b4b7-2c24f3caf793
2026-01-30T22:16:49.541Z - GET /grades/class/a5d7b191-e804-4ccf-a5cb-f4d274e66116
2026-01-30T22:16:49.674Z - GET /students
2026-01-30T22:16:50.703Z - GET /students
2026-01-30T22:17:13.766Z - GET /students
2026-01-30T22:17:13.775Z - GET /grades/class/c597179b-8506-47af-b4b7-2c24f3caf793
2026-01-30T22:17:16.143Z - GET /grades/class/a5d7b191-e804-4ccf-a5cb-f4d274e66116
2026-01-30T22:17:19.631Z - GET /students
2026-01-30T22:18:19.801Z - POST /auth/login
2026-01-30T22:18:23.478Z - GET /students
2026-01-30T22:18:23.498Z - GET /teachers
2026-01-30T22:18:23.511Z - GET /classes
2026-01-30T22:18:26.007Z - GET /students
2026-01-30T22:18:26.023Z - GET /teachers
2026-01-30T22:18:26.475Z - GET /classes
2026-01-30T22:18:28.655Z - GET /classes
2026-01-30T22:18:30.645Z - GET /classes
2026-01-30T22:18:30.677Z - GET /students
2026-01-30T22:18:31.573Z - GET /attendance/class/a5d7b191-e804-4ccf-a5cb-f4d274e66116?date=2026-01-30
2026-01-30T22:18:35.480Z - GET /students
2026-01-30T22:18:36.804Z - GET /attendance/class/a5d7b191-e804-4ccf-a5cb-f4d274e66116?date=2026-01-29
2026-01-30T22:18:39.572Z - GET /students
2026-01-30T22:18:41.052Z - GET /attendance/class/a5d7b191-e804-4ccf-a5cb-f4d274e66116?date=2026-01-28
2026-01-30T22:18:50.186Z - GET /students
2026-01-30T22:18:53.519Z - GET /students
2026-01-30T22:18:53.536Z - GET /attendance/class/a5d7b191-e804-4ccf-a5cb-f4d274e66116?date=2026-02-28
2026-01-30T22:18:54.317Z - GET /students
2026-01-30T22:18:54.331Z - GET /attendance/class/a5d7b191-e804-4ccf-a5cb-f4d274e66116?date=2026-02-08
2026-01-30T22:18:55.642Z - GET /students
2026-01-30T22:18:55.684Z - GET /attendance/class/a5d7b191-e804-4ccf-a5cb-f4d274e66116?date=
2026-01-30T22:18:56.908Z - GET /attendance/class/a5d7b191-e804-4ccf-a5cb-f4d274e66116?date=2026-02-01
2026-01-30T22:19:29.258Z - GET /students
2026-01-30T22:19:36.053Z - GET /attendance/class/c597179b-8506-47af-b4b7-2c24f3caf793?date=2026-02-01
2026-01-30T22:19:42.048Z - GET /students
2026-01-30T22:19:42.059Z - GET /classes
2026-01-30T22:19:44.081Z - GET /classes
2026-01-30T22:19:45.432Z - GET /students
2026-01-30T22:20:12.256Z - POST /students
2026-01-30T22:20:17.689Z - GET /students
2026-01-30T22:20:17.700Z - GET /classes
2026-01-30T22:20:34.509Z - GET /classes
2026-01-30T22:20:38.715Z - GET /classes
2026-01-30T22:20:38.741Z - GET /students
2026-01-30T22:20:41.842Z - GET /students
2026-01-30T22:20:41.864Z - GET /attendance/class/a5d7b191-e804-4ccf-a5cb-f4d274e66116?date=2026-01-30
2026-01-30T22:20:42.763Z - GET /students
2026-01-30T22:20:42.813Z - GET /attendance/class/c597179b-8506-47af-b4b7-2c24f3caf793?date=2026-01-30
2026-01-30T22:20:44.011Z - GET /attendance/class/a5d7b191-e804-4ccf-a5cb-f4d274e66116?date=2026-01-30
2026-01-30T22:20:45.962Z - GET /students
2026-01-30T22:20:47.624Z - GET /attendance/class/c597179b-8506-47af-b4b7-2c24f3caf793?date=2026-01-30
2026-01-30T22:20:51.392Z - GET /students
2026-01-30T22:20:52.894Z - GET /attendance/class/c597179b-8506-47af-b4b7-2c24f3caf793?date=2026-01-31
2026-01-30T22:21:00.226Z - GET /students
2026-01-30T22:21:01.774Z - GET /attendance/class/c597179b-8506-47af-b4b7-2c24f3caf793?date=2026-01-30
2026-01-30T22:21:10.791Z - GET /students
2026-01-30T22:21:11.707Z - GET /attendance/class/c597179b-8506-47af-b4b7-2c24f3caf793?date=2026-01-31
2026-01-30T22:21:13.699Z - POST /attendance/mark
2026-01-30T22:21:16.146Z - GET /students
2026-01-30T22:21:17.791Z - GET /attendance/class/c597179b-8506-47af-b4b7-2c24f3caf793?date=2026-01-31
2026-01-30T22:21:22.131Z - GET /students
2026-01-30T22:21:23.459Z - GET /attendance/class/c597179b-8506-47af-b4b7-2c24f3caf793?date=2026-01-30
2026-01-30T22:21:25.709Z - POST /attendance/mark
2026-01-30T22:21:27.793Z - GET /students
2026-01-30T22:21:29.132Z - GET /attendance/class/c597179b-8506-47af-b4b7-2c24f3caf793?date=2026-01-30
2026-01-30T22:21:32.495Z - GET /students
2026-01-30T22:21:33.957Z - GET /attendance/class/c597179b-8506-47af-b4b7-2c24f3caf793?date=2026-01-31
2026-01-30T22:21:42.182Z - GET /students
2026-01-30T22:21:43.748Z - GET /attendance/class/c597179b-8506-47af-b4b7-2c24f3caf793?date=2026-01-28
2026-01-30T22:27:26.998Z - GET /students
2026-01-30T22:27:33.876Z - GET /users/aa4e6163-807c-4cf4-8978-ff6da7e4cd33
2026-01-30T22:27:34.440Z - GET /users/aa4e6163-807c-4cf4-8978-ff6da7e4cd33
2026-01-30T22:27:34.541Z - GET /attendance/class/a5d7b191-e804-4ccf-a5cb-f4d274e66116?date=2026-01-30
2026-01-30T22:27:47.702Z - GET /subjects
2026-01-30T22:27:51.026Z - GET /subjects
2026-01-30T22:29:20.257Z - GET /users/aa4e6163-807c-4cf4-8978-ff6da7e4cd33
2026-01-30T22:29:23.971Z - GET /users/aa4e6163-807c-4cf4-8978-ff6da7e4cd33
2026-01-30T22:31:22.220Z - GET /subjects
2026-01-30T22:31:25.029Z - GET /subjects
2026-01-30T22:35:16.328Z - POST /auth/login
2026-01-30T22:35:19.571Z - GET /students
2026-01-30T22:35:19.581Z - GET /teachers
2026-01-30T22:35:19.590Z - GET /classes
2026-01-30T22:35:19.599Z - GET /students
2026-01-30T22:35:19.605Z - GET /teachers
2026-01-30T22:35:19.613Z - GET /classes
2026-01-30T22:35:26.424Z - GET /classes
2026-01-30T22:35:26.433Z - GET /subjects
2026-01-30T22:35:26.459Z - GET /classes
2026-01-30T22:35:26.473Z - GET /subjects
2026-01-30T22:35:34.556Z - GET /classes
2026-01-30T22:35:34.562Z - GET /subjects
2026-01-30T22:40:25.025Z - GET /classes
2026-01-30T22:40:25.235Z - GET /subjects
2026-01-30T22:40:25.250Z - GET /teachers
2026-01-30T22:40:25.260Z - GET /classes
2026-01-30T22:40:25.274Z - GET /subjects
2026-01-30T22:40:25.284Z - GET /teachers
2026-01-30T22:40:30.827Z - GET /users/2a657d3e-c413-49d2-b079-9d180c60f54f
2026-01-30T22:40:36.619Z - GET /users/2a657d3e-c413-49d2-b079-9d180c60f54f
2026-01-30T22:40:59.730Z - GET /students
2026-01-30T22:40:59.740Z - GET /teachers
2026-01-30T22:40:59.747Z - GET /classes
2026-01-30T22:40:59.758Z - GET /students
2026-01-30T22:40:59.776Z - GET /teachers
2026-01-30T22:40:59.789Z - GET /classes
2026-01-30T22:42:10.588Z - GET /classes
2026-01-30T22:42:10.599Z - GET /subjects
2026-01-30T22:42:10.617Z - GET /classes
2026-01-30T22:42:10.627Z - GET /teachers
2026-01-30T22:42:10.636Z - GET /subjects
2026-01-30T22:42:10.643Z - GET /teachers
2026-01-30T22:42:17.171Z - GET /classes
2026-01-30T22:42:17.177Z - GET /subjects
2026-01-30T22:42:17.182Z - GET /classes
2026-01-30T22:42:17.188Z - GET /subjects
2026-01-30T22:45:21.239Z - GET /users/2a657d3e-c413-49d2-b079-9d180c60f54f
2026-01-30T22:45:26.571Z - GET /users/2a657d3e-c413-49d2-b079-9d180c60f54f
2026-01-30T22:46:27.575Z - POST /auth/login
2026-01-30T22:46:33.839Z - GET /students
2026-01-30T22:46:33.877Z - GET /teachers
2026-01-30T22:46:33.898Z - GET /classes
2026-01-30T22:46:36.505Z - GET /students
2026-01-30T22:46:36.691Z - GET /classes
2026-01-30T22:46:37.470Z - GET /teachers
2026-01-30T22:46:37.618Z - GET /students
2026-01-30T22:46:37.740Z - GET /classes
2026-01-30T22:46:38.820Z - GET /classes
2026-01-30T22:46:39.713Z - GET /students
2026-01-30T22:46:55.194Z - GET /users/aa4e6163-807c-4cf4-8978-ff6da7e4cd33
2026-01-30T22:47:00.639Z - GET /users/aa4e6163-807c-4cf4-8978-ff6da7e4cd33
2026-01-30T22:47:23.633Z - GET /students
2026-01-30T22:47:23.643Z - GET /classes
2026-01-30T22:47:28.180Z - GET /students
2026-01-30T22:47:28.796Z - GET /classes
2026-01-30T22:50:18.159Z - POST /auth/login
2026-01-30T22:50:22.460Z - GET /students
2026-01-30T22:50:22.468Z - GET /teachers
2026-01-30T22:50:22.475Z - GET /classes
2026-01-30T22:50:22.482Z - GET /students
2026-01-30T22:50:22.488Z - GET /teachers
2026-01-30T22:50:22.494Z - GET /classes
2026-01-30T22:58:17.967Z - GET /students
2026-01-30T22:58:18.009Z - GET /events
2026-01-30T22:58:18.274Z - GET /teachers
2026-01-30T22:58:18.278Z - GET /classes
2026-01-30T23:10:45.658Z - GET /students
2026-01-30T23:10:45.686Z - GET /teachers
2026-01-30T23:10:45.689Z - GET /classes
2026-01-30T23:10:45.693Z - GET /events
2026-01-30T23:11:14.684Z - GET /students
2026-01-30T23:11:14.689Z - GET /teachers
2026-01-30T23:11:14.693Z - GET /classes
2026-01-30T23:11:14.696Z - GET /events
2026-01-30T23:11:55.586Z - GET /classes
2026-01-30T23:11:55.596Z - GET /classes
2026-01-30T23:11:55.602Z - GET /subjects
2026-01-30T23:11:55.606Z - GET /subjects
2026-01-30T23:12:21.774Z - GET /students
2026-01-30T23:12:21.784Z - GET /teachers
2026-01-30T23:12:21.795Z - GET /classes
2026-01-30T23:12:21.805Z - GET /events
2026-01-30T23:12:21.824Z - GET /students
2026-01-30T23:12:21.834Z - GET /teachers
2026-01-30T23:12:21.842Z - GET /classes
2026-01-30T23:12:23.380Z - GET /events
2026-01-30T23:12:34.639Z - GET /events
2026-01-30T23:12:45.231Z - GET /users/31a10600-ba36-47f1-b409-e4086e409610
2026-01-30T23:12:48.253Z - GET /users/31a10600-ba36-47f1-b409-e4086e409610
2026-01-30T23:12:48.745Z - GET /users/31a10600-ba36-47f1-b409-e4086e409610
2026-01-30T23:12:49.191Z - GET /users/31a10600-ba36-47f1-b409-e4086e409610
2026-01-30T23:13:19.911Z - GET /users/31a10600-ba36-47f1-b409-e4086e409610
2026-01-30T23:13:20.629Z - GET /classes
2026-01-30T23:13:20.633Z - GET /subjects
2026-01-30T23:13:20.640Z - GET /classes
2026-01-30T23:13:20.646Z - GET /subjects
2026-01-30T23:13:21.774Z - GET /classes
2026-01-30T23:13:21.797Z - GET /students
2026-01-30T23:13:21.805Z - GET /classes
2026-01-30T23:13:21.816Z - GET /teachers
2026-01-30T23:13:21.826Z - GET /events
2026-01-30T23:13:21.833Z - GET /students
2026-01-30T23:13:21.839Z - GET /teachers
2026-01-30T23:13:22.056Z - GET /events
2026-01-30T23:13:22.820Z - GET /users/31a10600-ba36-47f1-b409-e4086e409610
2026-01-30T23:13:28.334Z - GET /classes
2026-01-30T23:13:28.339Z - GET /subjects
2026-01-30T23:13:28.344Z - GET /classes
2026-01-30T23:13:28.350Z - GET /subjects
2026-01-30T23:13:30.388Z - GET /users/31a10600-ba36-47f1-b409-e4086e409610
2026-01-30T23:13:30.820Z - GET /users/31a10600-ba36-47f1-b409-e4086e409610
2026-01-30T23:14:55.471Z - GET /users/31a10600-ba36-47f1-b409-e4086e409610
2026-01-30T23:14:59.669Z - GET /users/31a10600-ba36-47f1-b409-e4086e409610
2026-01-30T23:15:04.977Z - GET /classes
2026-01-30T23:15:04.987Z - GET /subjects
2026-01-30T23:15:04.993Z - GET /classes
2026-01-30T23:15:04.999Z - GET /subjects
2026-01-30T23:15:49.733Z - GET /students
2026-01-30T23:15:49.741Z - GET /teachers
2026-01-30T23:15:49.746Z - GET /classes
2026-01-30T23:15:49.753Z - GET /events
2026-01-30T23:15:49.773Z - GET /students
2026-01-30T23:15:49.779Z - GET /teachers
2026-01-30T23:15:49.784Z - GET /classes
2026-01-30T23:15:51.262Z - GET /events
2026-01-30T23:16:53.151Z - POST /auth/login
2026-01-30T23:16:55.502Z - GET /students
2026-01-30T23:16:55.514Z - GET /teachers
2026-01-30T23:16:55.522Z - GET /classes
2026-01-30T23:16:55.526Z - GET /events
2026-01-30T23:16:57.067Z - GET /events
2026-01-30T23:16:57.677Z - GET /students
2026-01-30T23:16:58.734Z - GET /teachers
2026-01-30T23:16:59.109Z - GET /classes
2026-01-30T23:16:59.595Z - GET /students
2026-01-30T23:17:00.387Z - GET /classes
2026-01-30T23:17:00.459Z - GET /students
2026-01-30T23:17:01.497Z - GET /classes
2026-01-30T23:17:06.524Z - GET /classes
2026-01-30T23:17:06.779Z - GET /subjects
2026-01-30T23:17:08.593Z - GET /subjects
2026-01-30T23:17:10.335Z - GET /classes
2026-01-30T23:17:13.712Z - GET /parents
2026-01-30T23:17:13.726Z - GET /students
2026-01-30T23:17:15.815Z - GET /parents
2026-01-30T23:17:15.895Z - GET /students
2026-01-30T23:17:54.138Z - GET /subjects
2026-01-30T23:17:56.219Z - GET /subjects
2026-01-30T23:18:28.693Z - GET /classes
2026-01-30T23:18:28.714Z - GET /subjects
2026-01-30T23:18:28.723Z - GET /teachers
2026-01-30T23:18:30.833Z - GET /subjects
2026-01-30T23:18:31.546Z - GET /classes
2026-01-30T23:18:32.406Z - GET /teachers
2026-01-30T23:18:32.431Z - GET /timetable/class/a5d7b191-e804-4ccf-a5cb-f4d274e66116
2026-01-30T23:18:39.175Z - GET /classes
2026-01-30T23:18:40.252Z - GET /classes
2026-01-30T23:18:40.271Z - GET /students
2026-01-30T23:18:41.097Z - GET /attendance/class/a5d7b191-e804-4ccf-a5cb-f4d274e66116?date=2026-01-30
2026-01-30T23:18:45.010Z - GET /students
2026-01-30T23:18:45.897Z - GET /attendance/class/a5d7b191-e804-4ccf-a5cb-f4d274e66116?date=2026-01-29
2026-01-30T23:19:22.768Z - GET /classes
2026-01-30T23:19:22.775Z - GET /subjects
2026-01-30T23:19:24.662Z - GET /subjects
2026-01-30T23:19:26.454Z - GET /classes
2026-01-30T23:19:26.474Z - GET /students
2026-01-30T23:19:26.482Z - GET /grades/class/a5d7b191-e804-4ccf-a5cb-f4d274e66116
2026-01-30T23:20:50.222Z - POST /auth/login
2026-01-30T23:20:53.084Z - GET /students
2026-01-30T23:20:53.092Z - GET /teachers
2026-01-30T23:20:53.097Z - GET /classes
2026-01-30T23:20:53.102Z - GET /events
2026-01-30T23:20:53.117Z - GET /parents
2026-01-30T23:20:53.127Z - GET /students
2026-01-30T23:20:53.132Z - GET /teachers
2026-01-30T23:20:53.138Z - GET /classes
2026-01-30T23:20:53.342Z - GET /events
2026-01-30T23:20:55.212Z - GET /parents
2026-01-30T23:21:03.796Z - GET /classes
2026-01-30T23:21:03.801Z - GET /subjects
2026-01-30T23:21:03.805Z - GET /classes
2026-01-30T23:21:03.812Z - GET /subjects
2026-01-30T23:21:18.313Z - POST /auth/login
2026-01-30T23:21:20.309Z - GET /students
2026-01-30T23:21:20.316Z - GET /teachers
2026-01-30T23:21:20.321Z - GET /classes
2026-01-30T23:21:20.327Z - GET /events
2026-01-30T23:21:20.333Z - GET /parents
2026-01-30T23:21:20.340Z - GET /students
2026-01-30T23:21:20.344Z - GET /teachers
2026-01-30T23:21:20.348Z - GET /classes
2026-01-30T23:21:20.537Z - GET /events
2026-01-30T23:21:22.369Z - GET /parents
2026-01-30T23:21:40.040Z - GET /classes
2026-01-30T23:21:40.044Z - GET /subjects
2026-01-30T23:21:40.049Z - GET /teachers
2026-01-30T23:21:40.054Z - GET /classes
2026-01-30T23:21:40.059Z - GET /subjects
2026-01-30T23:21:40.064Z - GET /teachers
2026-01-30T23:21:41.807Z - GET /classes
2026-01-30T23:21:41.811Z - GET /subjects
2026-01-30T23:21:41.818Z - GET /classes
2026-01-30T23:21:41.826Z - GET /subjects
2026-01-30T23:21:49.038Z - GET /messages/my
2026-01-30T23:21:49.046Z - GET /messages/my
2026-01-30T23:21:53.046Z - GET /classes
2026-01-30T23:21:53.052Z - GET /subjects
2026-01-30T23:21:53.056Z - GET /classes
2026-01-30T23:21:53.061Z - GET /subjects
2026-01-30T23:22:05.778Z - GET /students
2026-01-30T23:22:05.783Z - GET /teachers
2026-01-30T23:22:05.789Z - GET /classes
2026-01-30T23:22:05.794Z - GET /events
2026-01-30T23:22:05.800Z - GET /parents
2026-01-30T23:22:05.810Z - GET /students
2026-01-30T23:22:05.814Z - GET /teachers
2026-01-30T23:22:05.818Z - GET /classes
2026-01-30T23:22:07.458Z - GET /events
2026-01-30T23:22:09.215Z - GET /parents
2026-01-30T23:22:45.263Z - POST /auth/login
2026-01-30T23:22:47.801Z - GET /organizations/b34441c2-a73e-4652-95da-2bcfb7606c2a/stats
2026-01-30T23:22:47.832Z - GET /letters
2026-01-30T23:22:49.360Z - GET /organizations/b34441c2-a73e-4652-95da-2bcfb7606c2a/stats
2026-01-30T23:22:49.585Z - GET /letters
2026-01-30T23:22:59.241Z - POST /auth/login
2026-01-30T23:23:00.047Z - GET /students
2026-01-30T23:23:00.053Z - GET /teachers
2026-01-30T23:23:00.057Z - GET /classes
2026-01-30T23:23:00.062Z - GET /events
2026-01-30T23:23:00.066Z - GET /parents
2026-01-30T23:23:00.072Z - GET /students
2026-01-30T23:23:00.077Z - GET /teachers
2026-01-30T23:23:00.081Z - GET /classes
2026-01-30T23:23:00.307Z - GET /events
2026-01-30T23:23:02.213Z - GET /parents
2026-01-30T23:23:09.262Z - GET /students
2026-01-30T23:23:09.267Z - GET /classes
2026-01-30T23:23:18.164Z - GET /students
2026-01-30T23:23:18.168Z - GET /teachers
2026-01-30T23:23:18.174Z - GET /classes
2026-01-30T23:23:18.180Z - GET /events
2026-01-30T23:23:18.188Z - GET /students
2026-01-30T23:23:18.193Z - GET /parents
2026-01-30T23:23:18.199Z - GET /teachers
2026-01-30T23:23:18.203Z - GET /classes
2026-01-30T23:23:19.827Z - GET /events
2026-01-30T23:23:21.491Z - GET /parents
2026-01-30T23:23:24.787Z - GET /classes
2026-01-30T23:23:24.792Z - GET /subjects
2026-01-30T23:23:24.797Z - GET /teachers
2026-01-30T23:23:24.806Z - GET /classes
2026-01-30T23:23:24.818Z - GET /subjects
2026-01-30T23:23:24.825Z - GET /teachers
2026-01-30T23:23:32.934Z - GET /users/2a657d3e-c413-49d2-b079-9d180c60f54f
2026-01-30T23:23:35.983Z - GET /users/2a657d3e-c413-49d2-b079-9d180c60f54f
2026-01-30T23:23:40.013Z - GET /classes
2026-01-30T23:23:40.017Z - GET /subjects
2026-01-30T23:23:40.022Z - GET /teachers
2026-01-30T23:23:40.028Z - GET /classes
2026-01-30T23:23:40.033Z - GET /subjects
2026-01-30T23:23:40.037Z - GET /teachers
2026-01-30T23:24:14.461Z - POST /auth/login
2026-01-30T23:24:16.449Z - GET /students
2026-01-30T23:24:16.459Z - GET /teachers
2026-01-30T23:24:16.468Z - GET /classes
2026-01-30T23:24:16.474Z - GET /events
2026-01-30T23:24:16.478Z - GET /parents
2026-01-30T23:24:17.893Z - GET /events
2026-01-30T23:24:18.580Z - GET /parents
2026-01-30T23:24:18.712Z - GET /students
2026-01-30T23:24:18.905Z - GET /classes
2026-01-30T23:24:19.894Z - GET /teachers
2026-01-30T23:24:32.633Z - GET /students
2026-01-30T23:24:32.640Z - GET /classes
2026-01-30T23:24:35.023Z - GET /classes
2026-01-30T23:24:36.055Z - GET /students
2026-01-30T23:24:38.917Z - GET /teachers
2026-01-30T23:24:38.935Z - GET /subjects
2026-01-30T23:24:39.573Z - GET /teachers
2026-01-30T23:24:40.019Z - GET /subjects
2026-01-30T23:24:42.865Z - GET /subjects
2026-01-30T23:24:42.876Z - GET /classes
2026-01-30T23:24:43.888Z - GET /subjects
2026-01-30T23:24:43.900Z - GET /classes
2026-01-30T23:24:52.348Z - GET /classes/a5d7b191-e804-4ccf-a5cb-f4d274e66116
2026-01-30T23:25:12.890Z - GET /classes
2026-01-30T23:25:12.894Z - GET /subjects
2026-01-30T23:25:14.879Z - GET /parents
2026-01-30T23:25:14.887Z - GET /students
2026-01-30T23:25:16.894Z - GET /students
2026-01-30T23:25:16.933Z - GET /parents
2026-01-30T23:26:11.532Z - POST /parents
2026-01-30T23:26:46.130Z - GET /students
2026-01-30T23:26:46.138Z - GET /teachers
2026-01-30T23:26:46.146Z - GET /classes
2026-01-30T23:26:46.151Z - GET /events
2026-01-30T23:26:46.158Z - GET /parents
2026-01-30T23:26:47.771Z - GET /events
2026-01-30T23:26:48.703Z - GET /classes
2026-01-30T23:26:49.525Z - GET /teachers
2026-01-30T23:26:49.652Z - GET /students
2026-01-30T23:26:49.659Z - GET /parents
2026-01-30T23:26:53.220Z - GET /classes
2026-01-30T23:26:54.298Z - GET /classes
2026-01-30T23:26:54.315Z - GET /students
2026-01-30T23:26:55.140Z - GET /attendance/class/a5d7b191-e804-4ccf-a5cb-f4d274e66116?date=2026-01-30
2026-01-30T23:27:01.861Z - GET /students
2026-01-30T23:27:02.700Z - GET /attendance/class/c597179b-8506-47af-b4b7-2c24f3caf793?date=2026-01-30
2026-01-30T23:27:08.001Z - GET /students
2026-01-30T23:27:08.899Z - GET /students
2026-01-30T23:27:08.909Z - GET /attendance/class/c597179b-8506-47af-b4b7-2c24f3caf793?date=2026-01-30&subjectId=f8af4c7e-c598-49d4-b8be-fa0de54476b7
2026-01-30T23:27:09.732Z - GET /attendance/class/c597179b-8506-47af-b4b7-2c24f3caf793?date=2026-01-30
2026-01-30T23:27:14.377Z - POST /attendance/mark
2026-01-30T23:27:16.829Z - GET /students
2026-01-30T23:27:17.670Z - GET /attendance/class/c597179b-8506-47af-b4b7-2c24f3caf793?date=2026-01-30
2026-01-30T23:27:20.451Z - GET /students
2026-01-30T23:27:21.305Z - GET /attendance/class/c597179b-8506-47af-b4b7-2c24f3caf793?date=2026-01-29
2026-01-30T23:27:26.490Z - POST /attendance/mark
2026-01-30T23:27:28.377Z - GET /students
2026-01-30T23:27:29.217Z - GET /attendance/class/c597179b-8506-47af-b4b7-2c24f3caf793?date=2026-01-29
2026-01-30T23:27:32.010Z - GET /students
2026-01-30T23:27:32.855Z - GET /attendance/class/c597179b-8506-47af-b4b7-2c24f3caf793?date=2026-01-30
2026-01-30T23:27:38.646Z - GET /classes
2026-01-30T23:27:38.652Z - GET /subjects
2026-01-30T23:27:40.353Z - GET /classes
2026-01-30T23:27:40.360Z - GET /subjects
2026-01-30T23:27:41.383Z - GET /classes
2026-01-30T23:27:42.410Z - GET /classes
2026-01-30T23:27:42.428Z - GET /students
2026-01-30T23:27:44.458Z - GET /classes
2026-01-30T23:27:45.505Z - GET /students
2026-01-30T23:27:46.350Z - GET /attendance/class/a5d7b191-e804-4ccf-a5cb-f4d274e66116?date=2026-01-30
2026-01-30T23:27:46.653Z - GET /students
2026-01-30T23:27:47.507Z - GET /attendance/class/a5d7b191-e804-4ccf-a5cb-f4d274e66116?date=2026-01-14
2026-01-30T23:27:54.119Z - GET /students
2026-01-30T23:27:54.933Z - GET /students
2026-01-30T23:27:54.950Z - GET /attendance/class/a5d7b191-e804-4ccf-a5cb-f4d274e66116?date=2026-03-14
2026-01-30T23:27:55.742Z - GET /attendance/class/a5d7b191-e804-4ccf-a5cb-f4d274e66116?date=
2026-01-30T23:27:57.758Z - GET /students
2026-01-30T23:27:58.565Z - GET /students
2026-01-30T23:27:58.579Z - GET /attendance/class/a5d7b191-e804-4ccf-a5cb-f4d274e66116?date=2026-03-01
2026-01-30T23:27:59.411Z - GET /attendance/class/a5d7b191-e804-4ccf-a5cb-f4d274e66116?date=0001-03-01
2026-01-30T23:28:03.174Z - GET /classes
2026-01-30T23:28:04.277Z - GET /students
2026-01-30T23:28:05.134Z - GET /attendance/class/a5d7b191-e804-4ccf-a5cb-f4d274e66116?date=2026-01-30
2026-01-30T23:28:25.100Z - POST /attendance/mark
2026-01-30T23:28:28.479Z - GET /students
2026-01-30T23:28:30.663Z - GET /attendance/class/a5d7b191-e804-4ccf-a5cb-f4d274e66116?date=2026-01-30
2026-01-30T23:28:37.417Z - GET /students
2026-01-30T23:28:38.317Z - GET /attendance/class/a5d7b191-e804-4ccf-a5cb-f4d274e66116?date=2026-01-29
2026-01-30T23:28:42.380Z - GET /students
2026-01-30T23:28:43.246Z - GET /attendance/class/a5d7b191-e804-4ccf-a5cb-f4d274e66116?date=2026-01-31
2026-01-30T23:28:51.502Z - GET /messages/my
2026-01-30T23:28:51.509Z - GET /messages/my
2026-01-30T23:29:10.358Z - GET /subjects
2026-01-30T23:29:10.364Z - GET /teachers
2026-01-30T23:29:12.731Z - GET /subjects
2026-01-30T23:29:13.587Z - GET /teachers
2026-01-30T23:29:18.199Z - GET /users/aa4e6163-807c-4cf4-8978-ff6da7e4cd33
2026-01-30T23:29:18.663Z - GET /users/aa4e6163-807c-4cf4-8978-ff6da7e4cd33
2026-01-30T23:29:25.086Z - GET /classes
2026-01-30T23:29:25.092Z - GET /subjects
2026-01-30T23:29:26.142Z - GET /subjects
2026-01-30T23:29:27.300Z - GET /classes
2026-01-30T23:29:27.318Z - GET /students
2026-01-30T23:29:27.324Z - GET /grades/class/a5d7b191-e804-4ccf-a5cb-f4d274e66116
2026-01-30T23:29:36.259Z - POST /auth/login
2026-01-30T23:29:36.990Z - GET /students
2026-01-30T23:29:36.999Z - GET /teachers
2026-01-30T23:29:37.006Z - GET /classes
2026-01-30T23:29:37.011Z - GET /events
2026-01-30T23:29:37.016Z - GET /parents
2026-01-30T23:29:37.235Z - GET /events
2026-01-30T23:29:39.022Z - GET /teachers
2026-01-30T23:29:39.094Z - GET /classes
2026-01-30T23:29:39.242Z - GET /parents
2026-01-30T23:29:39.249Z - GET /students
2026-01-30T23:30:01.414Z - POST /auth/login
2026-01-30T23:30:03.317Z - GET /students
2026-01-30T23:30:03.333Z - GET /teachers
2026-01-30T23:30:03.338Z - GET /classes
2026-01-30T23:30:03.342Z - GET /events
2026-01-30T23:30:03.347Z - GET /parents
2026-01-30T23:30:04.816Z - GET /events
2026-01-30T23:30:05.461Z - GET /students
2026-01-30T23:30:05.652Z - GET /classes
2026-01-30T23:30:06.609Z - GET /teachers
2026-01-30T23:30:06.743Z - GET /parents
2026-01-30T23:30:12.636Z - GET /students
2026-01-30T23:30:12.642Z - GET /classes
2026-01-30T23:30:13.549Z - GET /students
2026-01-30T23:30:13.748Z - GET /classes
2026-01-30T23:30:33.072Z - POST /auth/login
2026-01-30T23:30:35.054Z - GET /students
2026-01-30T23:30:35.061Z - GET /teachers
2026-01-30T23:30:35.067Z - GET /classes
2026-01-30T23:30:35.071Z - GET /events
2026-01-30T23:30:35.075Z - GET /parents
2026-01-30T23:30:36.572Z - GET /events
2026-01-30T23:30:37.097Z - GET /students
2026-01-30T23:30:38.166Z - GET /teachers
2026-01-30T23:30:38.332Z - GET /classes
2026-01-30T23:30:38.339Z - GET /students
2026-01-30T23:30:38.384Z - GET /parents
2026-01-30T23:30:39.181Z - GET /students
2026-01-30T23:30:39.372Z - GET /classes
2026-01-30T23:30:40.526Z - GET /classes
2026-01-30T23:31:11.167Z - GET /teachers
2026-01-30T23:31:11.175Z - GET /subjects
2026-01-30T23:31:13.449Z - GET /subjects
2026-01-30T23:31:14.414Z - GET /teachers
2026-01-30T23:32:53.562Z - POST /teachers
2026-01-30T23:32:56.696Z - GET /teachers
2026-01-30T23:32:56.706Z - GET /subjects
2026-01-30T23:33:24.539Z - GET /classes
2026-01-30T23:33:24.550Z - GET /subjects
2026-01-30T23:33:26.798Z - GET /subjects
2026-01-30T23:33:27.978Z - GET /classes
2026-01-30T23:33:34.070Z - GET /classes/c597179b-8506-47af-b4b7-2c24f3caf793
2026-01-30T23:33:47.479Z - GET /classes
2026-01-30T23:33:47.484Z - GET /subjects
2026-01-30T23:33:47.491Z - GET /teachers
2026-01-30T23:33:49.764Z - GET /subjects
2026-01-30T23:33:50.672Z - GET /teachers
2026-01-30T23:33:50.851Z - GET /classes
2026-01-30T23:33:50.881Z - GET /timetable/class/a5d7b191-e804-4ccf-a5cb-f4d274e66116
2026-01-30T23:34:21.495Z - POST /timetable
2026-01-30T23:34:23.231Z - GET /timetable/class/a5d7b191-e804-4ccf-a5cb-f4d274e66116
2026-01-30T23:34:31.208Z - GET /classes
2026-01-30T23:34:31.215Z - GET /subjects
2026-01-30T23:34:31.222Z - GET /teachers
2026-01-30T23:34:34.418Z - GET /timetable/class/a5d7b191-e804-4ccf-a5cb-f4d274e66116
2026-01-30T23:35:18.477Z - POST /timetable
2026-01-30T23:35:20.386Z - GET /timetable/class/a5d7b191-e804-4ccf-a5cb-f4d274e66116
2026-01-30T23:35:25.808Z - GET /classes
2026-01-30T23:35:25.821Z - GET /subjects
2026-01-30T23:35:25.831Z - GET /teachers
2026-01-30T23:35:29.136Z - GET /timetable/class/a5d7b191-e804-4ccf-a5cb-f4d274e66116
2026-01-30T23:35:34.219Z - GET /classes
2026-01-30T23:35:34.226Z - GET /subjects
2026-01-30T23:35:35.287Z - GET /subjects
2026-01-30T23:35:35.301Z - GET /classes
2026-01-30T23:35:35.318Z - GET /students
2026-01-30T23:35:35.331Z - GET /grades/class/a5d7b191-e804-4ccf-a5cb-f4d274e66116
2026-01-30T23:36:08.998Z - GET /classes
2026-01-30T23:36:12.336Z - GET /classes
2026-01-30T23:36:12.342Z - GET /messages/my
2026-01-30T23:36:12.363Z - GET /messages/my
2026-01-30T23:36:23.598Z - GET /users/aa4e6163-807c-4cf4-8978-ff6da7e4cd33
2026-01-30T23:36:26.532Z - GET /users/aa4e6163-807c-4cf4-8978-ff6da7e4cd33
2026-01-30T23:36:34.112Z - POST /auth/login
2026-01-30T23:36:34.884Z - GET /students
2026-01-30T23:36:34.890Z - GET /teachers
2026-01-30T23:36:34.895Z - GET /classes
2026-01-30T23:36:34.900Z - GET /events
2026-01-30T23:36:34.912Z - GET /students
2026-01-30T23:36:34.916Z - GET /parents
2026-01-30T23:36:34.929Z - GET /teachers
2026-01-30T23:36:34.932Z - GET /classes
2026-01-30T23:36:35.139Z - GET /events
2026-01-30T23:36:35.771Z - GET /parents
2026-01-30T23:36:39.160Z - GET /classes
2026-01-30T23:36:39.164Z - GET /teachers
2026-01-30T23:36:39.169Z - GET /classes
2026-01-30T23:36:39.174Z - GET /teachers
2026-01-30T23:36:39.179Z - GET /subjects
2026-01-30T23:36:39.185Z - GET /subjects
2026-01-30T23:36:42.297Z - GET /subjects
2026-01-30T23:36:42.311Z - GET /classes
2026-01-30T23:36:42.321Z - GET /subjects
2026-01-30T23:36:42.333Z - GET /classes
2026-01-30T23:39:45.460Z - GET /classes
2026-01-30T23:40:48.081Z - GET /classes
2026-01-30T23:40:52.596Z - GET /classes/0fea94c7-f51a-433d-ad7f-173d43e247ed
2026-01-30T23:40:52.624Z - GET /grades/class/0fea94c7-f51a-433d-ad7f-173d43e247ed
2026-01-30T23:40:59.763Z - GET /classes/16a6450c-cd48-467d-908b-76fdf181bafc
2026-01-30T23:40:59.784Z - GET /grades/class/16a6450c-cd48-467d-908b-76fdf181bafc
2026-01-30T23:41:44.659Z - POST /auth/login
2026-01-30T23:41:47.332Z - GET /students
2026-01-30T23:41:47.343Z - GET /teachers
2026-01-30T23:41:47.357Z - GET /classes
2026-01-30T23:41:47.369Z - GET /events
2026-01-30T23:41:47.378Z - GET /parents
2026-01-30T23:41:48.834Z - GET /events
2026-01-30T23:41:49.401Z - GET /parents
2026-01-30T23:41:49.566Z - GET /students
2026-01-30T23:41:49.770Z - GET /classes
2026-01-30T23:41:50.655Z - GET /teachers
2026-01-30T23:41:55.897Z - GET /classes
2026-01-30T23:41:56.916Z - GET /classes
2026-01-30T23:41:56.937Z - GET /grades/class/a5d7b191-e804-4ccf-a5cb-f4d274e66116
2026-01-30T23:41:56.942Z - GET /classes/a5d7b191-e804-4ccf-a5cb-f4d274e66116
2026-01-30T23:42:19.937Z - POST /auth/login
2026-01-30T23:42:21.970Z - GET /students
2026-01-30T23:42:21.976Z - GET /teachers
2026-01-30T23:42:21.981Z - GET /classes
2026-01-30T23:42:21.986Z - GET /events
2026-01-30T23:42:21.993Z - GET /parents
2026-01-30T23:42:21.998Z - GET /students
2026-01-30T23:42:22.001Z - GET /teachers
2026-01-30T23:42:23.520Z - GET /events
2026-01-30T23:42:23.995Z - GET /parents
2026-01-30T23:42:24.044Z - GET /classes
2026-01-30T23:42:25.293Z - GET /classes
2026-01-30T23:42:26.407Z - GET /classes
2026-01-30T23:42:26.426Z - GET /classes/0fea94c7-f51a-433d-ad7f-173d43e247ed
2026-01-30T23:42:26.432Z - GET /grades/class/0fea94c7-f51a-433d-ad7f-173d43e247ed
2026-01-30T23:42:45.713Z - POST /auth/login
2026-01-30T23:42:47.958Z - GET /students
2026-01-30T23:42:47.962Z - GET /teachers
2026-01-30T23:42:47.967Z - GET /parents
2026-01-30T23:42:47.975Z - GET /classes
2026-01-30T23:42:47.980Z - GET /events
2026-01-30T23:42:47.985Z - GET /teachers
2026-01-30T23:42:47.989Z - GET /students
2026-01-30T23:42:49.436Z - GET /events
2026-01-30T23:42:50.034Z - GET /parents
2026-01-30T23:42:50.322Z - GET /classes
2026-01-30T23:42:51.883Z - GET /classes
2026-01-30T23:42:53.005Z - GET /classes
2026-01-30T23:42:53.028Z - GET /classes/0fea94c7-f51a-433d-ad7f-173d43e247ed
2026-01-30T23:42:53.035Z - GET /grades/class/0fea94c7-f51a-433d-ad7f-173d43e247ed
2026-01-30T23:43:03.931Z - GET /classes/16a6450c-cd48-467d-908b-76fdf181bafc
2026-01-30T23:43:03.938Z - GET /grades/class/16a6450c-cd48-467d-908b-76fdf181bafc
2026-01-30T23:43:14.358Z - GET /classes/0fea94c7-f51a-433d-ad7f-173d43e247ed
2026-01-30T23:43:14.365Z - GET /grades/class/0fea94c7-f51a-433d-ad7f-173d43e247ed
2026-01-30T23:43:30.583Z - POST /auth/login
2026-01-30T23:43:32.686Z - GET /students
2026-01-30T23:43:32.693Z - GET /teachers
2026-01-30T23:43:32.697Z - GET /classes
2026-01-30T23:43:32.702Z - GET /events
2026-01-30T23:43:32.706Z - GET /parents
2026-01-30T23:43:32.711Z - GET /students
2026-01-30T23:43:32.714Z - GET /teachers
2026-01-30T23:43:34.199Z - GET /events
2026-01-30T23:43:34.878Z - GET /classes
2026-01-30T23:43:34.883Z - GET /parents
2026-01-30T23:43:37.766Z - GET /classes
2026-01-30T23:43:38.799Z - GET /classes
2026-01-30T23:43:38.827Z - GET /classes/0fea94c7-f51a-433d-ad7f-173d43e247ed
2026-01-30T23:43:38.834Z - GET /grades/class/0fea94c7-f51a-433d-ad7f-173d43e247ed
2026-01-30T23:43:50.949Z - GET /classes/16a6450c-cd48-467d-908b-76fdf181bafc
2026-01-30T23:43:50.958Z - GET /grades/class/16a6450c-cd48-467d-908b-76fdf181bafc
2026-01-30T23:44:24.290Z - GET /messages/my
2026-01-30T23:44:24.335Z - GET /messages/my
2026-01-30T23:44:34.587Z - GET /classes
2026-01-30T23:44:36.215Z - GET /teachers
2026-01-30T23:44:36.219Z - GET /subjects
2026-01-30T23:44:36.225Z - GET /teachers
2026-01-30T23:44:36.229Z - GET /subjects
2026-01-30T23:44:38.028Z - GET /classes
2026-01-30T23:44:39.076Z - GET /classes
2026-01-30T23:44:40.116Z - GET /classes
2026-01-30T23:44:50.154Z - GET /users/2be397fe-eaaa-40f9-bd8d-c9a1692e565a
2026-01-30T23:44:50.565Z - GET /users/2be397fe-eaaa-40f9-bd8d-c9a1692e565a
2026-01-30T23:45:17.948Z - GET /classes
2026-01-30T23:45:21.228Z - GET /classes
2026-01-30T23:45:21.249Z - GET /classes/0fea94c7-f51a-433d-ad7f-173d43e247ed
2026-01-30T23:45:21.260Z - GET /grades/class/0fea94c7-f51a-433d-ad7f-173d43e247ed
2026-01-30T23:47:12.969Z - POST /auth/login
2026-01-30T23:47:15.443Z - GET /students
2026-01-30T23:47:15.453Z - GET /teachers
2026-01-30T23:47:15.464Z - GET /classes
2026-01-30T23:47:15.469Z - GET /events
2026-01-30T23:47:15.473Z - GET /parents
2026-01-30T23:47:17.004Z - GET /events
2026-01-30T23:47:17.525Z - GET /students
2026-01-30T23:47:17.552Z - GET /parents
2026-01-30T23:47:17.805Z - GET /classes
2026-01-30T23:47:18.683Z - GET /teachers
2026-01-30T23:47:29.250Z - GET /students
2026-01-30T23:47:29.257Z - GET /teachers
2026-01-30T23:47:29.266Z - GET /classes
2026-01-30T23:47:29.270Z - GET /events
2026-01-30T23:47:29.276Z - GET /parents
2026-01-30T23:47:53.787Z - GET /parents
2026-01-30T23:47:53.794Z - GET /students
2026-01-30T23:47:57.032Z - GET /students
2026-01-30T23:47:57.039Z - GET /parents
2026-01-30T23:48:36.929Z - GET /classes
2026-01-30T23:48:36.935Z - GET /subjects
2026-01-30T23:48:39.488Z - GET /subjects
2026-01-30T23:48:40.769Z - GET /classes
2026-01-30T23:49:35.914Z - GET /classes
2026-01-30T23:49:35.921Z - GET /teachers
2026-01-30T23:49:35.928Z - GET /subjects
2026-01-30T23:49:38.188Z - GET /subjects
2026-01-30T23:49:39.168Z - GET /teachers
2026-01-30T23:49:39.245Z - GET /classes
2026-01-30T23:49:39.870Z - GET /timetable/class/a5d7b191-e804-4ccf-a5cb-f4d274e66116
2026-01-30T23:51:23.864Z - POST /auth/login
2026-01-30T23:51:27.162Z - GET /students
2026-01-30T23:51:27.182Z - GET /teachers
2026-01-30T23:51:27.187Z - GET /classes
2026-01-30T23:51:27.193Z - GET /events
2026-01-30T23:51:27.203Z - GET /parents
2026-01-30T23:51:27.211Z - GET /teachers
2026-01-30T23:51:28.642Z - GET /events
2026-01-30T23:51:29.235Z - GET /parents
2026-01-30T23:51:29.278Z - GET /students
2026-01-30T23:51:29.531Z - GET /classes
2026-01-30T23:51:37.712Z - GET /users/2be397fe-eaaa-40f9-bd8d-c9a1692e565a
2026-01-30T23:51:41.949Z - GET /users/2be397fe-eaaa-40f9-bd8d-c9a1692e565a
2026-01-30T23:51:45.364Z - GET /users/2be397fe-eaaa-40f9-bd8d-c9a1692e565a
2026-01-30T23:51:50.661Z - GET /classes
2026-01-30T23:51:50.670Z - GET /subjects
2026-01-30T23:51:51.721Z - GET /subjects
2026-01-30T23:51:52.764Z - GET /classes
2026-01-30T23:51:55.854Z - GET /classes
2026-01-30T23:51:55.860Z - GET /students
2026-01-30T23:51:55.872Z - GET /subjects
2026-01-30T23:51:56.877Z - GET /subjects
2026-01-30T23:51:57.877Z - GET /classes
2026-01-30T23:51:57.950Z - GET /students
2026-01-30T23:51:57.980Z - GET /classes/0fea94c7-f51a-433d-ad7f-173d43e247ed
2026-01-30T23:51:57.989Z - GET /grades/class/0fea94c7-f51a-433d-ad7f-173d43e247ed
2026-01-30T23:52:30.065Z - GET /classes/16a6450c-cd48-467d-908b-76fdf181bafc
2026-01-30T23:52:30.072Z - GET /grades/class/16a6450c-cd48-467d-908b-76fdf181bafc
2026-01-30T23:53:24.064Z - POST /grades
2026-01-30T23:53:34.769Z - POST /grades
2026-01-30T23:53:41.825Z - GET /classes/16a6450c-cd48-467d-908b-76fdf181bafc
2026-01-30T23:53:41.834Z - GET /grades/class/16a6450c-cd48-467d-908b-76fdf181bafc
2026-01-30T23:54:03.226Z - POST /grades
2026-01-30T23:54:23.659Z - GET /messages/my
2026-01-30T23:54:23.674Z - GET /messages/my
2026-01-30T23:54:32.099Z - GET /parents
2026-01-30T23:54:32.118Z - GET /students
2026-01-30T23:54:35.429Z - GET /students
2026-01-30T23:54:35.467Z - GET /parents
2026-01-30T23:54:40.604Z - GET /classes
2026-01-30T23:54:40.609Z - GET /subjects
2026-01-30T23:54:40.615Z - GET /teachers
2026-01-30T23:54:40.623Z - GET /teachers
2026-01-30T23:54:41.641Z - GET /classes
2026-01-30T23:54:41.668Z - GET /subjects
2026-01-30T23:55:05.329Z - POST /auth/login
2026-01-30T23:55:07.467Z - GET /students
2026-01-30T23:55:07.474Z - GET /teachers
2026-01-30T23:55:07.480Z - GET /classes
2026-01-30T23:55:07.484Z - GET /events
2026-01-30T23:55:07.487Z - GET /parents
2026-01-30T23:55:08.977Z - GET /events
2026-01-30T23:55:09.614Z - GET /students
2026-01-30T23:55:09.622Z - GET /parents
2026-01-30T23:55:09.843Z - GET /classes
2026-01-30T23:55:10.128Z - GET /subjects
2026-01-30T23:55:10.628Z - GET /teachers
2026-01-30T23:55:10.890Z - GET /classes
2026-01-30T23:55:11.232Z - GET /subjects
2026-01-30T23:55:11.250Z - GET /teachers
2026-01-30T23:55:11.880Z - GET /teachers
2026-01-30T23:55:11.994Z - GET /classes
2026-01-30T23:55:12.013Z - GET /timetable/class/a5d7b191-e804-4ccf-a5cb-f4d274e66116
2026-01-30T23:55:57.580Z - POST /timetable
2026-01-30T23:55:59.101Z - GET /timetable/class/a5d7b191-e804-4ccf-a5cb-f4d274e66116
2026-01-30T23:56:20.389Z - GET /classes
2026-01-30T23:56:24.114Z - GET /classes
2026-01-30T23:56:24.137Z - GET /students
2026-01-30T23:56:26.157Z - GET /attendance/class/a5d7b191-e804-4ccf-a5cb-f4d274e66116?date=2026-01-30
2026-01-30T23:56:31.136Z - GET /students
2026-01-30T23:56:32.005Z - GET /attendance/class/a5d7b191-e804-4ccf-a5cb-f4d274e66116?date=2026-01-29
2026-01-30T23:56:36.034Z - GET /students
2026-01-30T23:56:36.913Z - GET /attendance/class/a5d7b191-e804-4ccf-a5cb-f4d274e66116?date=2026-01-30
2026-01-30T23:56:40.419Z - GET /students
2026-01-30T23:56:41.244Z - GET /attendance/class/a5d7b191-e804-4ccf-a5cb-f4d274e66116?date=2026-01-31
2026-01-30T23:56:45.652Z - POST /attendance/mark
2026-01-30T23:56:50.223Z - GET /students
2026-01-30T23:56:51.123Z - GET /attendance/class/a5d7b191-e804-4ccf-a5cb-f4d274e66116?date=2026-01-31
2026-01-30T23:56:55.381Z - GET /students
2026-01-30T23:56:56.199Z - GET /attendance/class/a5d7b191-e804-4ccf-a5cb-f4d274e66116?date=2026-01-30
2026-01-30T23:56:59.614Z - GET /students
2026-01-30T23:57:00.485Z - GET /attendance/class/a5d7b191-e804-4ccf-a5cb-f4d274e66116?date=2026-01-29
2026-01-30T23:57:16.975Z - POST /auth/login
2026-01-30T23:57:19.011Z - GET /students
2026-01-30T23:57:19.022Z - GET /teachers
2026-01-30T23:57:19.027Z - GET /classes
2026-01-30T23:57:19.032Z - GET /events
2026-01-30T23:57:19.037Z - GET /parents
2026-01-30T23:57:19.043Z - GET /students
2026-01-30T23:57:19.047Z - GET /teachers
2026-01-30T23:57:20.473Z - GET /events
2026-01-30T23:57:21.115Z - GET /classes
2026-01-30T23:57:21.120Z - GET /parents
2026-01-30T23:57:22.903Z - GET /classes
2026-01-30T23:57:22.917Z - GET /subjects
2026-01-30T23:57:23.921Z - GET /classes
2026-01-30T23:57:23.951Z - GET /subjects
2026-01-30T23:57:28.403Z - GET /classes/0fea94c7-f51a-433d-ad7f-173d43e247ed
2026-01-30T23:57:55.926Z - GET /subjects
2026-01-30T23:57:55.931Z - GET /teachers
2026-01-30T23:57:55.936Z - GET /teachers
2026-01-30T23:57:58.422Z - GET /subjects
2026-01-30T23:58:04.480Z - GET /classes
2026-01-30T23:58:04.486Z - GET /students
2026-01-30T23:58:04.490Z - GET /subjects
2026-01-30T23:58:04.496Z - GET /students
2026-01-30T23:58:06.582Z - GET /classes
2026-01-30T23:58:06.706Z - GET /subjects
2026-01-30T23:58:30.482Z - GET /classes
2026-01-30T23:58:33.696Z - GET /classes
2026-01-30T23:58:33.717Z - GET /students
2026-01-30T23:58:37.881Z - GET /students
2026-01-30T23:58:41.735Z - GET /students
2026-01-30T23:58:41.742Z - GET /students
2026-01-30T23:58:43.600Z - GET /students
2026-01-30T23:58:43.607Z - GET /students
2026-01-30T23:58:46.526Z - GET /students
2026-01-30T23:58:46.532Z - GET /students
2026-01-30T23:58:48.181Z - GET /students
2026-01-30T23:58:48.186Z - GET /students
2026-01-30T23:58:51.897Z - GET /students
2026-01-30T23:58:53.990Z - GET /students
2026-01-30T23:59:01.015Z - GET /students
2026-01-30T23:59:01.024Z - GET /teachers
2026-01-30T23:59:01.030Z - GET /classes
2026-01-30T23:59:01.036Z - GET /students
2026-01-30T23:59:01.041Z - GET /events
2026-01-30T23:59:01.046Z - GET /parents
2026-01-30T23:59:01.050Z - GET /teachers
2026-01-30T23:59:02.543Z - GET /events
2026-01-30T23:59:03.473Z - GET /classes
2026-01-30T23:59:04.337Z - GET /parents
2026-01-30T23:59:08.948Z - GET /classes
2026-01-30T23:59:08.955Z - GET /subjects
2026-01-30T23:59:09.978Z - GET /classes
2026-01-30T23:59:10.094Z - GET /subjects
2026-01-30T23:59:32.305Z - GET /users/2a657d3e-c413-49d2-b079-9d180c60f54f
2026-01-30T23:59:35.258Z - GET /users/2a657d3e-c413-49d2-b079-9d180c60f54f
2026-01-30T23:59:44.827Z - GET /subjects
2026-01-30T23:59:44.832Z - GET /teachers
2026-01-30T23:59:44.837Z - GET /teachers
2026-01-30T23:59:45.944Z - GET /subjects
2026-01-30T23:59:58.072Z - GET /classes
2026-01-30T23:59:58.077Z - GET /subjects
2026-01-31T00:00:00.454Z - GET /subjects
2026-01-31T00:00:01.331Z - GET /classes
2026-01-31T00:00:04.294Z - GET /classes/0fea94c7-f51a-433d-ad7f-173d43e247ed
2026-01-31T00:00:23.232Z - GET /classes
2026-01-31T00:00:23.238Z - GET /students
2026-01-31T00:00:23.242Z - GET /subjects
2026-01-31T00:00:23.246Z - GET /students
2026-01-31T00:00:25.603Z - GET /subjects
2026-01-31T00:00:26.618Z - GET /classes
