2026-03-03T05:32:55.525Z - GET /
2026-03-03T05:32:57.618Z - GET /sw.js
2026-03-03T05:33:18.969Z - GET /login
2026-03-03T05:33:20.761Z - GET /sw.js
2026-03-03T05:33:50.237Z - GET /sw.js
2026-03-03T06:13:39.949Z - POST /auth/login
2026-03-03T06:13:52.205Z - GET /organizations/9161ae8d-ea0e-42bc-bd43-8eb386619118
2026-03-03T06:13:52.416Z - GET /healthcare/summary
2026-03-03T06:13:54.708Z - GET /healthcare/summary
2026-03-03T06:13:55.179Z - GET /organizations/9161ae8d-ea0e-42bc-bd43-8eb386619118
2026-03-03T06:17:45.460Z - GET /healthcare/medicines
2026-03-03T06:17:48.050Z - GET /healthcare/prescriptions
2026-03-03T06:17:50.913Z - GET /healthcare/medicines
2026-03-03T06:18:00.920Z - GET /healthcare/prescriptions
2026-03-03T07:27:29.311Z - GET /organizations/9161ae8d-ea0e-42bc-bd43-8eb386619118
2026-03-03T07:27:29.465Z - GET /healthcare/prescriptions
2026-03-03T07:27:35.437Z - GET /healthcare/prescriptions
2026-03-03T11:36:42.485Z - POST /auth/login
2026-03-03T11:36:49.698Z - GET /organizations/7add9398-9053-448c-8389-1c1e3b9ff341
2026-03-03T11:36:50.048Z - GET /attendance/student
2026-03-03T11:36:50.064Z - GET /events
2026-03-03T11:36:50.086Z - GET /grades/student
2026-03-03T11:36:50.381Z - GET /events
2026-03-03T11:36:50.733Z - GET /attendance/student
2026-03-03T11:36:50.923Z - GET /grades/student
2026-03-03T11:36:51.618Z - GET /organizations/7add9398-9053-448c-8389-1c1e3b9ff341
2026-03-03T11:37:20.989Z - GET /education-payments
2026-03-03T11:37:21.295Z - GET /banks/active
2026-03-03T11:37:21.313Z - GET /education-payments
2026-03-03T11:37:24.438Z - GET /banks/active
2026-03-03T12:17:17.743Z - POST /auth/login
2026-03-03T12:17:22.304Z - GET /organizations/7add9398-9053-448c-8389-1c1e3b9ff341
2026-03-03T12:17:22.411Z - GET /students
2026-03-03T12:17:22.423Z - GET /teachers
2026-03-03T12:17:22.434Z - GET /classes
2026-03-03T12:17:22.441Z - GET /events
2026-03-03T12:17:22.447Z - GET /parents
2026-03-03T12:17:23.473Z - GET /classes
2026-03-03T12:17:23.757Z - GET /events
2026-03-03T12:17:23.824Z - GET /organizations/7add9398-9053-448c-8389-1c1e3b9ff341
2026-03-03T12:17:23.892Z - GET /students
2026-03-03T12:17:24.054Z - GET /teachers
2026-03-03T12:17:24.351Z - GET /parents
2026-03-03T12:17:32.320Z - GET /education-payments
2026-03-03T12:17:32.330Z - GET /education-payments/collections
2026-03-03T12:17:32.703Z - GET /education-payments/collections
2026-03-03T12:17:32.711Z - GET /education-payments
2026-03-03T12:18:09.196Z - POST /education-payments/collections
2026-03-03T12:18:28.731Z - GET /organizations/7add9398-9053-448c-8389-1c1e3b9ff341
2026-03-03T12:18:28.754Z - GET /education-payments
2026-03-03T12:18:28.760Z - GET /education-payments/collections
2026-03-03T12:18:30.032Z - GET /education-payments
2026-03-03T12:18:30.047Z - GET /education-payments/collections
2026-03-03T12:18:42.970Z - POST /auth/login
2026-03-03T12:18:46.794Z - GET /organizations/7add9398-9053-448c-8389-1c1e3b9ff341
2026-03-03T12:18:46.823Z - GET /grades/student
2026-03-03T12:18:46.828Z - GET /attendance/student
2026-03-03T12:18:46.833Z - GET /events
2026-03-03T12:18:47.023Z - GET /events
2026-03-03T12:18:47.356Z - GET /attendance/student
2026-03-03T12:18:47.372Z - GET /grades/student
2026-03-03T12:18:48.266Z - GET /organizations/7add9398-9053-448c-8389-1c1e3b9ff341
2026-03-03T12:18:52.623Z - GET /banks/active
2026-03-03T12:18:52.632Z - GET /education-payments
2026-03-03T12:18:52.628Z - GET /education-payments/collections
2026-03-03T12:18:52.646Z - GET /education-payments
2026-03-03T12:18:52.813Z - GET /education-payments/collections
2026-03-03T12:18:52.825Z - GET /banks/active
2026-03-03T12:19:30.647Z - POST /auth/login
2026-03-03T12:19:33.478Z - GET /organizations/7add9398-9053-448c-8389-1c1e3b9ff341
2026-03-03T12:19:33.506Z - GET /students
2026-03-03T12:19:33.512Z - GET /teachers
2026-03-03T12:19:33.522Z - GET /events
2026-03-03T12:19:33.517Z - GET /classes
2026-03-03T12:19:33.526Z - GET /parents
2026-03-03T12:19:34.810Z - GET /classes
2026-03-03T12:19:35.463Z - GET /organizations/7add9398-9053-448c-8389-1c1e3b9ff341
2026-03-03T12:19:35.472Z - GET /events
2026-03-03T12:19:35.681Z - GET /students
2026-03-03T12:19:35.935Z - GET /teachers
2026-03-03T12:19:36.138Z - GET /parents
2026-03-03T12:19:40.589Z - GET /education-payments/collections
2026-03-03T12:19:40.583Z - GET /education-payments
2026-03-03T12:19:40.795Z - GET /education-payments
2026-03-03T12:19:40.821Z - GET /education-payments/collections
2026-03-03T12:20:15.887Z - POST /education-payments/collections
2026-03-03T12:20:25.295Z - POST /education-payments/collections
2026-03-03T12:25:48.203Z - POST /education-payments/collections
2026-03-03T12:25:50.412Z - GET /education-payments/collections
2026-03-03T12:25:50.426Z - GET /education-payments
2026-03-03T12:26:08.220Z - POST /auth/login
2026-03-03T12:26:10.998Z - GET /organizations/7add9398-9053-448c-8389-1c1e3b9ff341
2026-03-03T12:26:11.022Z - GET /grades/student
2026-03-03T12:26:11.032Z - GET /events
2026-03-03T12:26:11.027Z - GET /attendance/student
2026-03-03T12:26:11.224Z - GET /events
2026-03-03T12:26:11.539Z - GET /attendance/student
2026-03-03T12:26:11.563Z - GET /grades/student
2026-03-03T12:26:12.403Z - GET /organizations/7add9398-9053-448c-8389-1c1e3b9ff341
2026-03-03T12:26:22.676Z - GET /education-payments/collections
2026-03-03T12:26:22.670Z - GET /banks/active
2026-03-03T12:26:22.681Z - GET /education-payments
2026-03-03T12:26:22.695Z - GET /education-payments
2026-03-03T12:26:22.852Z - GET /banks/active
2026-03-03T12:26:22.858Z - GET /education-payments/collections
2026-03-03T12:26:27.890Z - GET /organizations/7add9398-9053-448c-8389-1c1e3b9ff341
2026-03-03T12:26:27.908Z - GET /banks/active
2026-03-03T12:26:27.914Z - GET /education-payments/collections
2026-03-03T12:26:27.918Z - GET /education-payments
2026-03-03T12:26:27.925Z - GET /education-payments
2026-03-03T12:26:28.089Z - GET /banks/active
2026-03-03T12:26:29.607Z - GET /education-payments/collections
2026-03-03T12:26:40.431Z - GET /organizations/7add9398-9053-448c-8389-1c1e3b9ff341
2026-03-03T12:26:40.508Z - GET /banks/active
2026-03-03T12:26:40.511Z - GET /education-payments/collections
2026-03-03T12:26:40.517Z - GET /education-payments
2026-03-03T12:26:40.528Z - GET /education-payments
2026-03-03T12:26:41.789Z - GET /banks/active
2026-03-03T12:26:41.812Z - GET /education-payments/collections
2026-03-03T12:32:04.018Z - GET /organizations/7add9398-9053-448c-8389-1c1e3b9ff341
2026-03-03T12:32:04.601Z - GET /banks/active
2026-03-03T12:32:04.611Z - GET /education-payments/collections
2026-03-03T12:32:04.624Z - GET /education-payments
2026-03-03T12:32:05.991Z - GET /banks/active
2026-03-03T12:32:05.998Z - GET /education-payments/collections
2026-03-03T12:32:07.491Z - GET /education-payments
2026-03-03T12:32:53.338Z - PUT /education-payments/d8cc1732-a9bc-4814-900b-53dec5086c7c/submit
2026-03-03T12:32:54.719Z - GET /education-payments
2026-03-03T12:33:06.453Z - POST /auth/login
2026-03-03T12:33:09.475Z - GET /organizations/7add9398-9053-448c-8389-1c1e3b9ff341
2026-03-03T12:33:09.512Z - GET /students
2026-03-03T12:33:09.520Z - GET /teachers
2026-03-03T12:33:09.526Z - GET /classes
2026-03-03T12:33:09.531Z - GET /events
2026-03-03T12:33:09.535Z - GET /parents
2026-03-03T12:33:10.612Z - GET /classes
2026-03-03T12:33:10.763Z - GET /events
2026-03-03T12:33:10.932Z - GET /organizations/7add9398-9053-448c-8389-1c1e3b9ff341
2026-03-03T12:33:10.972Z - GET /students
2026-03-03T12:33:11.141Z - GET /teachers
2026-03-03T12:33:11.361Z - GET /parents
2026-03-03T12:33:15.501Z - GET /education-payments
2026-03-03T12:33:15.509Z - GET /education-payments/collections
2026-03-03T12:33:15.694Z - GET /education-payments/collections
2026-03-03T12:33:16.055Z - GET /education-payments
2026-03-03T12:37:04.782Z - GET /education-payments
2026-03-03T12:37:04.785Z - GET /education-payments/collections
2026-03-03T12:52:21.677Z - PATCH /education-payments/f17d11f9-a892-43bf-af7f-f210e944405d/approve
2026-03-03T12:52:23.873Z - GET /education-payments
2026-03-03T12:52:23.932Z - GET /education-payments/collections
2026-03-03T12:53:12.065Z - GET /education-payments?feeCollectionId=07ca92fe-dc3c-42d0-86c5-5d4a5d8a5281
2026-03-03T12:53:12.081Z - GET /education-payments/collections
2026-03-03T12:53:29.489Z - GET /organizations/7add9398-9053-448c-8389-1c1e3b9ff341
2026-03-03T12:53:29.524Z - GET /education-payments
2026-03-03T12:53:29.532Z - GET /education-payments/collections
2026-03-03T12:53:31.005Z - GET /education-payments/collections
2026-03-03T12:53:32.318Z - GET /education-payments
2026-03-03T12:53:53.114Z - POST /auth/login
2026-03-03T12:53:56.549Z - GET /organizations/7add9398-9053-448c-8389-1c1e3b9ff341
2026-03-03T12:53:56.606Z - GET /students
2026-03-03T12:53:56.614Z - GET /teachers
2026-03-03T12:53:56.619Z - GET /classes
2026-03-03T12:53:56.624Z - GET /events
2026-03-03T12:53:56.628Z - GET /parents
2026-03-03T12:53:57.648Z - GET /classes
2026-03-03T12:53:57.898Z - GET /events
2026-03-03T12:53:57.942Z - GET /organizations/7add9398-9053-448c-8389-1c1e3b9ff341
2026-03-03T12:53:58.040Z - GET /students
2026-03-03T12:53:58.256Z - GET /teachers
2026-03-03T12:53:58.455Z - GET /parents
2026-03-03T12:54:05.560Z - GET /students
2026-03-03T12:54:05.566Z - GET /classes
2026-03-03T12:54:06.281Z - GET /students
2026-03-03T12:54:06.626Z - GET /classes
2026-03-03T12:55:01.003Z - GET /classes
2026-03-03T12:55:01.008Z - GET /subjects
2026-03-03T12:55:03.171Z - GET /subjects
2026-03-03T12:55:04.489Z - GET /classes
2026-03-03T12:55:20.154Z - POST /classes
2026-03-03T12:55:22.015Z - GET /classes
2026-03-03T12:55:22.023Z - GET /subjects
2026-03-03T12:55:23.920Z - POST /classes
2026-03-03T12:55:24.677Z - GET /classes
2026-03-03T12:55:24.681Z - GET /subjects
2026-03-03T12:55:42.985Z - PUT /classes/64ea3642-4818-448a-89e6-1389182d86ed
2026-03-03T12:55:43.842Z - PUT /classes/64ea3642-4818-448a-89e6-1389182d86ed
2026-03-03T12:55:45.043Z - GET /subjects
2026-03-03T12:55:45.038Z - GET /classes
2026-03-03T12:55:47.013Z - GET /subjects
2026-03-03T12:55:47.124Z - GET /classes
2026-03-03T12:56:17.796Z - PUT /classes/64ea3642-4818-448a-89e6-1389182d86ed
2026-03-03T12:56:18.959Z - PUT /classes/64ea3642-4818-448a-89e6-1389182d86ed
2026-03-03T12:56:20.091Z - GET /classes
2026-03-03T12:56:20.098Z - GET /subjects
2026-03-03T12:56:22.085Z - GET /classes
2026-03-03T12:56:22.134Z - GET /subjects
2026-03-03T12:56:23.207Z - GET /organizations/7add9398-9053-448c-8389-1c1e3b9ff341
2026-03-03T12:56:23.327Z - GET /subjects
2026-03-03T12:56:23.335Z - GET /classes/a4431e30-c90c-4580-9716-e08739b329c6
2026-03-03T12:56:24.384Z - GET /subjects
2026-03-03T12:56:25.519Z - GET /classes/a4431e30-c90c-4580-9716-e08739b329c6
2026-03-03T12:56:39.658Z - GET /classes
2026-03-03T12:56:39.662Z - GET /students
2026-03-03T12:56:39.680Z - GET /subjects
2026-03-03T12:56:39.683Z - GET /academic/years
2026-03-03T12:56:41.521Z - GET /academic/years
2026-03-03T12:56:41.669Z - GET /subjects
2026-03-03T12:56:41.934Z - GET /classes
2026-03-03T12:56:42.681Z - GET /students
2026-03-03T12:56:42.699Z - GET /academic/terms/ecd2d29f-ea17-4aa1-8711-7863cf7ea221
2026-03-03T12:56:42.717Z - GET /grades/class/501edb2d-c912-42a5-8179-6020018dc995?termId=
2026-03-03T12:56:42.704Z - GET /classes/501edb2d-c912-42a5-8179-6020018dc995
2026-03-03T12:56:43.264Z - GET /grades/class/501edb2d-c912-42a5-8179-6020018dc995?termId=8523eade-431c-4955-9da6-9209ff5d18f0
2026-03-03T12:56:44.534Z - GET /classes/501edb2d-c912-42a5-8179-6020018dc995
2026-03-03T12:56:45.164Z - GET /classes
2026-03-03T12:56:45.169Z - GET /subjects
2026-03-03T12:56:46.037Z - GET /subjects
2026-03-03T12:56:46.072Z - GET /classes
2026-03-03T12:56:59.077Z - DELETE /classes/501edb2d-c912-42a5-8179-6020018dc995
2026-03-03T12:57:01.556Z - GET /classes
2026-03-03T12:57:01.559Z - GET /subjects
2026-03-03T12:57:19.919Z - PUT /classes/64ea3642-4818-448a-89e6-1389182d86ed
2026-03-03T12:57:22.355Z - GET /classes
2026-03-03T12:57:22.359Z - GET /subjects
2026-03-03T12:57:31.169Z - GET /classes
2026-03-03T12:57:31.161Z - GET /students
2026-03-03T12:57:32.117Z - GET /classes
2026-03-03T12:57:32.994Z - GET /students
2026-03-03T12:58:25.225Z - POST /students
2026-03-03T12:58:27.893Z - GET /students
2026-03-03T12:58:27.904Z - GET /classes
2026-03-03T12:58:39.491Z - GET /education-payments
2026-03-03T12:58:39.502Z - GET /education-payments/collections
2026-03-03T12:58:39.709Z - GET /education-payments/collections
2026-03-03T12:58:41.034Z - GET /education-payments
2026-03-03T12:59:25.697Z - POST /education-payments/collections
2026-03-03T12:59:27.239Z - GET /education-payments/collections
2026-03-03T12:59:27.246Z - GET /education-payments
2026-03-03T12:59:38.057Z - GET /students
2026-03-03T12:59:38.066Z - GET /classes
2026-03-03T12:59:38.998Z - GET /classes
2026-03-03T12:59:39.855Z - GET /students
2026-03-03T13:48:09.198Z - POST /auth/login
2026-03-03T13:48:27.835Z - GET /organizations/7add9398-9053-448c-8389-1c1e3b9ff341
2026-03-03T13:48:27.958Z - GET /students
2026-03-03T13:48:27.989Z - GET /teachers
2026-03-03T13:48:28.016Z - GET /events
2026-03-03T13:48:28.007Z - GET /classes
2026-03-03T13:48:28.024Z - GET /parents
2026-03-03T13:48:32.936Z - GET /classes
2026-03-03T13:48:35.176Z - GET /students
2026-03-03T13:48:37.810Z - GET /organizations/7add9398-9053-448c-8389-1c1e3b9ff341
2026-03-03T13:48:37.821Z - GET /parents
2026-03-03T13:48:37.801Z - GET /events
2026-03-03T13:48:39.353Z - GET /teachers
2026-03-03T13:48:44.380Z - GET /students
2026-03-03T13:48:44.392Z - GET /classes
2026-03-03T13:48:51.160Z - GET /students
2026-03-03T13:49:04.396Z - GET /classes
2026-03-03T13:50:14.090Z - POST /students
2026-03-03T13:50:26.970Z - POST /students
2026-03-03T13:50:50.554Z - GET /organizations/7add9398-9053-448c-8389-1c1e3b9ff341
2026-03-03T13:50:50.679Z - GET /students
2026-03-03T13:50:50.698Z - GET /classes
2026-03-03T13:50:50.706Z - GET /students
2026-03-03T13:50:50.733Z - GET /classes
2026-03-03T13:52:47.098Z - GET /organizations/7add9398-9053-448c-8389-1c1e3b9ff341
2026-03-03T13:52:47.243Z - GET /students
2026-03-03T13:52:47.256Z - GET /classes
2026-03-03T13:52:50.524Z - GET /classes
2026-03-03T13:52:51.340Z - GET /students
2026-03-03T13:53:27.254Z - POST /students
2026-03-03T13:54:08.393Z - GET /organizations/7add9398-9053-448c-8389-1c1e3b9ff341
2026-03-03T13:54:08.610Z - GET /students
2026-03-03T13:54:08.623Z - GET /classes
2026-03-03T13:54:11.267Z - GET /classes
2026-03-03T13:54:12.037Z - GET /students
2026-03-04T07:07:37.262Z - GET /organizations/7add9398-9053-448c-8389-1c1e3b9ff341
2026-03-04T07:07:37.439Z - GET /students
2026-03-04T07:07:37.451Z - GET /classes
2026-03-04T07:07:37.460Z - GET /students
2026-03-04T07:07:37.470Z - GET /classes
2026-03-04T08:56:11.557Z - GET /login
2026-03-04T08:56:13.976Z - GET /sw.js
2026-03-04T08:56:43.423Z - GET /sw.js
2026-03-04T10:36:26.483Z - POST /auth/login
2026-03-04T10:36:43.512Z - POST /auth/login
2026-03-04T10:36:51.187Z - GET /organizations/7add9398-9053-448c-8389-1c1e3b9ff341
2026-03-04T10:36:51.273Z - GET /students
2026-03-04T10:36:51.390Z - GET /classes
2026-03-04T10:36:51.319Z - GET /teachers
2026-03-04T10:36:51.406Z - GET /events
2026-03-04T10:36:51.422Z - GET /parents
2026-03-04T10:36:52.380Z - GET /classes
2026-03-04T10:36:52.699Z - GET /events
2026-03-04T10:36:52.778Z - GET /organizations/7add9398-9053-448c-8389-1c1e3b9ff341
2026-03-04T10:36:53.025Z - GET /teachers
2026-03-04T10:36:53.139Z - GET /students
2026-03-04T10:36:53.305Z - GET /parents
2026-03-04T10:36:57.822Z - GET /organizations/7add9398-9053-448c-8389-1c1e3b9ff341
2026-03-04T10:36:58.456Z - GET /organizations/7add9398-9053-448c-8389-1c1e3b9ff341
2026-03-04T10:39:04.734Z - GET /organizations/7add9398-9053-448c-8389-1c1e3b9ff341
2026-03-04T10:39:08.934Z - GET /organizations/7add9398-9053-448c-8389-1c1e3b9ff341
2026-03-04T10:39:09.293Z - GET /organizations/7add9398-9053-448c-8389-1c1e3b9ff341
2026-03-04T10:40:44.198Z - GET /organizations/7add9398-9053-448c-8389-1c1e3b9ff341
2026-03-04T10:51:06.374Z - GET /organizations/7add9398-9053-448c-8389-1c1e3b9ff341
2026-03-04T10:53:14.422Z - GET /organizations/7add9398-9053-448c-8389-1c1e3b9ff341
2026-03-04T10:54:53.453Z - GET /organizations/7add9398-9053-448c-8389-1c1e3b9ff341
2026-03-04T10:57:19.096Z - GET /organizations/7add9398-9053-448c-8389-1c1e3b9ff341
2026-03-04T11:03:12.204Z - GET /organizations/7add9398-9053-448c-8389-1c1e3b9ff341
2026-03-04T11:03:17.508Z - GET /organizations/7add9398-9053-448c-8389-1c1e3b9ff341
2026-03-04T11:11:08.828Z - GET /organizations/7add9398-9053-448c-8389-1c1e3b9ff341
2026-03-04T11:13:39.592Z - GET /organizations/7add9398-9053-448c-8389-1c1e3b9ff341
2026-03-04T11:18:06.018Z - GET /organizations/7add9398-9053-448c-8389-1c1e3b9ff341
2026-03-04T11:18:11.010Z - GET /organizations/7add9398-9053-448c-8389-1c1e3b9ff341
2026-03-04T11:19:54.239Z - GET /organizations/7add9398-9053-448c-8389-1c1e3b9ff341
2026-03-04T11:20:01.413Z - GET /organizations/7add9398-9053-448c-8389-1c1e3b9ff341
2026-03-04T11:20:08.203Z - GET /organizations/7add9398-9053-448c-8389-1c1e3b9ff341
2026-03-04T11:20:08.573Z - GET /organizations/7add9398-9053-448c-8389-1c1e3b9ff341
2026-03-04T11:20:09.769Z - GET /organizations/7add9398-9053-448c-8389-1c1e3b9ff341
2026-03-04T11:20:44.960Z - GET /organizations/7add9398-9053-448c-8389-1c1e3b9ff341
2026-03-04T11:20:50.853Z - GET /organizations/7add9398-9053-448c-8389-1c1e3b9ff341
2026-03-04T11:28:45.634Z - GET /organizations/7add9398-9053-448c-8389-1c1e3b9ff341
2026-03-04T11:28:52.098Z - GET /organizations/7add9398-9053-448c-8389-1c1e3b9ff341
2026-03-04T11:31:22.545Z - GET /organizations/7add9398-9053-448c-8389-1c1e3b9ff341
2026-03-04T11:31:27.671Z - GET /organizations/7add9398-9053-448c-8389-1c1e3b9ff341
2026-03-04T11:41:32.543Z - GET /organizations/7add9398-9053-448c-8389-1c1e3b9ff341
2026-03-04T11:41:38.323Z - GET /organizations/7add9398-9053-448c-8389-1c1e3b9ff341
2026-03-04T11:43:18.470Z - GET /organizations/7add9398-9053-448c-8389-1c1e3b9ff341
2026-03-04T11:43:25.189Z - GET /organizations/7add9398-9053-448c-8389-1c1e3b9ff341
2026-03-04T11:45:28.645Z - GET /organizations/7add9398-9053-448c-8389-1c1e3b9ff341
2026-03-04T11:45:33.697Z - GET /organizations/7add9398-9053-448c-8389-1c1e3b9ff341
2026-03-04T11:47:19.878Z - GET /organizations/7add9398-9053-448c-8389-1c1e3b9ff341
2026-03-04T11:47:26.864Z - GET /organizations/7add9398-9053-448c-8389-1c1e3b9ff341
2026-03-04T11:51:46.642Z - GET /organizations/7add9398-9053-448c-8389-1c1e3b9ff341
2026-03-04T11:51:46.768Z - GET /students
2026-03-04T11:51:46.810Z - GET /classes
2026-03-04T11:51:49.574Z - GET /classes
2026-03-04T11:51:50.341Z - GET /students
2026-03-04T11:52:02.810Z - GET /organizations/7add9398-9053-448c-8389-1c1e3b9ff341
2026-03-04T11:52:06.493Z - GET /organizations/7add9398-9053-448c-8389-1c1e3b9ff341
2026-03-04T11:56:15.301Z - GET /organizations/7add9398-9053-448c-8389-1c1e3b9ff341
2026-03-04T11:56:19.063Z - GET /organizations/7add9398-9053-448c-8389-1c1e3b9ff341
2026-03-04T11:59:46.991Z - GET /organizations/7add9398-9053-448c-8389-1c1e3b9ff341
2026-03-04T11:59:52.656Z - GET /organizations/7add9398-9053-448c-8389-1c1e3b9ff341
2026-03-04T12:02:29.943Z - GET /organizations/7add9398-9053-448c-8389-1c1e3b9ff341
2026-03-04T12:02:30.043Z - GET /letters
2026-03-04T12:02:33.803Z - GET /organizations/7add9398-9053-448c-8389-1c1e3b9ff341
2026-03-04T12:02:33.831Z - GET /letters
2026-03-04T12:03:26.069Z - GET /organizations/7add9398-9053-448c-8389-1c1e3b9ff341
2026-03-04T12:03:30.692Z - GET /organizations/7add9398-9053-448c-8389-1c1e3b9ff341
2026-03-04T12:03:31.247Z - GET /organizations/7add9398-9053-448c-8389-1c1e3b9ff341
2026-03-04T12:03:31.762Z - GET /organizations/7add9398-9053-448c-8389-1c1e3b9ff341
2026-03-04T12:08:56.303Z - GET /organizations/7add9398-9053-448c-8389-1c1e3b9ff341
2026-03-04T12:09:05.473Z - GET /organizations/7add9398-9053-448c-8389-1c1e3b9ff341
2026-03-04T12:18:07.787Z - GET /organizations/7add9398-9053-448c-8389-1c1e3b9ff341
2026-03-04T12:18:12.340Z - GET /organizations/7add9398-9053-448c-8389-1c1e3b9ff341
2026-03-04T12:18:12.725Z - GET /organizations/7add9398-9053-448c-8389-1c1e3b9ff341
2026-03-04T12:18:13.100Z - GET /organizations/7add9398-9053-448c-8389-1c1e3b9ff341
2026-03-04T12:18:13.473Z - GET /organizations/7add9398-9053-448c-8389-1c1e3b9ff341
2026-03-04T12:18:13.850Z - GET /organizations/7add9398-9053-448c-8389-1c1e3b9ff341
2026-03-04T12:27:28.279Z - GET /organizations/7add9398-9053-448c-8389-1c1e3b9ff341
2026-03-04T12:27:32.257Z - GET /organizations/7add9398-9053-448c-8389-1c1e3b9ff341
2026-03-04T12:27:32.653Z - GET /organizations/7add9398-9053-448c-8389-1c1e3b9ff341
2026-03-04T12:29:48.276Z - GET /organizations/7add9398-9053-448c-8389-1c1e3b9ff341
2026-03-04T12:29:50.901Z - GET /organizations/7add9398-9053-448c-8389-1c1e3b9ff341
2026-03-04T12:29:51.268Z - GET /organizations/7add9398-9053-448c-8389-1c1e3b9ff341
2026-03-04T12:29:57.493Z - GET /organizations/7add9398-9053-448c-8389-1c1e3b9ff341
2026-03-04T12:29:57.855Z - GET /organizations/7add9398-9053-448c-8389-1c1e3b9ff341
2026-03-04T12:29:58.241Z - GET /organizations/7add9398-9053-448c-8389-1c1e3b9ff341
2026-03-04T12:30:05.170Z - GET /invoices/org/7add9398-9053-448c-8389-1c1e3b9ff341
2026-03-04T12:30:05.241Z - GET /banks/active
2026-03-04T12:30:05.647Z - GET /banks/active
2026-03-04T12:30:05.889Z - GET /invoices/org/7add9398-9053-448c-8389-1c1e3b9ff341
2026-03-04T12:30:21.133Z - GET /organizations/7add9398-9053-448c-8389-1c1e3b9ff341
2026-03-04T12:30:23.736Z - GET /organizations/7add9398-9053-448c-8389-1c1e3b9ff341
2026-03-04T12:34:12.516Z - GET /students
2026-03-04T12:34:12.881Z - GET /teachers
2026-03-04T12:34:12.924Z - GET /classes
2026-03-04T12:34:12.988Z - GET /parents
2026-03-04T12:34:12.976Z - GET /events
2026-03-04T12:34:14.368Z - GET /events
2026-03-04T12:34:15.317Z - GET /classes
2026-03-04T12:34:15.873Z - GET /teachers
2026-03-04T12:34:16.015Z - GET /parents
2026-03-04T12:34:16.064Z - GET /students
2026-03-05T08:48:34.514Z - POST /auth/login
2026-03-05T08:48:39.541Z - GET /organizations/7add9398-9053-448c-8389-1c1e3b9ff341
2026-03-05T08:48:39.666Z - GET /students
2026-03-05T08:48:39.685Z - GET /teachers
2026-03-05T08:48:39.697Z - GET /classes
2026-03-05T08:48:39.706Z - GET /events
2026-03-05T08:48:39.714Z - GET /parents
2026-03-05T08:48:40.718Z - GET /classes
2026-03-05T08:48:41.011Z - GET /events
2026-03-05T08:48:41.109Z - GET /organizations/7add9398-9053-448c-8389-1c1e3b9ff341
2026-03-05T08:48:41.398Z - GET /teachers
2026-03-05T08:48:41.510Z - GET /students
2026-03-05T08:48:41.555Z - GET /parents
2026-03-05T08:49:09.166Z - GET /organizations/7add9398-9053-448c-8389-1c1e3b9ff341
2026-03-05T08:49:11.855Z - GET /organizations/7add9398-9053-448c-8389-1c1e3b9ff341
2026-03-05T11:22:48.434Z - POST /auth/login
2026-03-05T11:22:53.537Z - GET /organizations/7add9398-9053-448c-8389-1c1e3b9ff341
2026-03-05T11:22:53.588Z - GET /students
2026-03-05T11:22:53.611Z - GET /teachers
2026-03-05T11:22:53.623Z - GET /classes
2026-03-05T11:22:53.633Z - GET /events
2026-03-05T11:22:53.643Z - GET /parents
2026-03-05T11:22:55.094Z - GET /classes
2026-03-05T11:22:55.566Z - GET /events
2026-03-05T11:22:55.537Z - GET /organizations/7add9398-9053-448c-8389-1c1e3b9ff341
2026-03-05T11:22:55.762Z - GET /teachers
2026-03-05T11:22:55.891Z - GET /students
2026-03-05T11:22:56.086Z - GET /parents
2026-03-05T11:23:01.103Z - GET /students
2026-03-05T11:23:01.114Z - GET /classes
2026-03-05T11:23:02.157Z - GET /students
2026-03-05T11:23:02.487Z - GET /classes
2026-03-05T11:23:06.878Z - GET /teachers
2026-03-05T11:23:06.900Z - GET /subjects
2026-03-05T11:23:06.924Z - GET /classes
2026-03-05T11:23:07.969Z - GET /subjects
2026-03-05T11:23:08.221Z - GET /classes
2026-03-05T11:23:08.818Z - GET /teachers
2026-03-05T11:23:09.613Z - GET /classes
2026-03-05T11:23:09.620Z - GET /subjects
2026-03-05T11:23:10.526Z - GET /subjects
2026-03-05T11:23:10.613Z - GET /classes
2026-03-05T12:03:36.117Z - POST /auth/login
2026-03-05T12:03:46.744Z - GET /organizations/7add9398-9053-448c-8389-1c1e3b9ff341
2026-03-05T12:03:46.821Z - GET /students
2026-03-05T12:03:46.838Z - GET /teachers
2026-03-05T12:03:46.870Z - GET /classes
2026-03-05T12:03:46.880Z - GET /events
2026-03-05T12:03:46.891Z - GET /parents
2026-03-05T12:03:48.517Z - GET /classes
2026-03-05T12:03:49.339Z - GET /organizations/7add9398-9053-448c-8389-1c1e3b9ff341
2026-03-05T12:03:49.953Z - GET /events
2026-03-05T12:03:50.065Z - GET /teachers
2026-03-05T12:03:50.396Z - GET /students
2026-03-05T12:03:51.019Z - GET /parents
2026-03-05T12:10:13.832Z - GET /education-payments
2026-03-05T12:10:13.860Z - GET /education-payments/collections
2026-03-05T12:10:15.637Z - GET /education-payments/collections
2026-03-05T12:10:17.292Z - GET /organizations/7add9398-9053-448c-8389-1c1e3b9ff341
2026-03-05T12:10:17.305Z - GET /education-payments
2026-03-05T12:10:17.686Z - GET /organizations/7add9398-9053-448c-8389-1c1e3b9ff341
2026-03-05T12:20:23.159Z - GET /classes
2026-03-05T12:20:23.357Z - GET /students
2026-03-05T12:20:23.429Z - GET /events
2026-03-05T12:20:23.412Z - GET /teachers
2026-03-05T12:20:23.436Z - GET /parents
2026-03-05T12:20:25.516Z - GET /events
2026-03-05T12:20:26.889Z - GET /classes
2026-03-05T12:20:28.043Z - GET /teachers
2026-03-05T12:20:28.285Z - GET /students
2026-03-05T12:20:28.334Z - GET /parents
2026-03-05T12:20:31.773Z - GET /students
2026-03-05T12:20:31.782Z - GET /classes
2026-03-05T12:20:32.585Z - GET /students
2026-03-05T12:20:32.811Z - GET /classes
2026-03-05T12:20:56.288Z - GET /teachers
2026-03-05T12:20:56.297Z - GET /subjects
2026-03-05T12:20:56.316Z - GET /classes
2026-03-05T12:20:58.415Z - GET /subjects
2026-03-05T12:20:58.636Z - GET /classes
2026-03-05T12:20:59.336Z - GET /teachers
2026-03-05T12:21:06.487Z - GET /classes
2026-03-05T12:21:06.493Z - GET /subjects
2026-03-05T12:21:08.168Z - GET /classes
2026-03-05T12:21:08.156Z - GET /subjects
2026-03-05T12:21:31.205Z - GET /subjects
2026-03-05T12:21:33.880Z - GET /subjects
2026-03-05T13:07:25.354Z - POST /auth/login
2026-03-05T13:07:29.620Z - GET /organizations/7add9398-9053-448c-8389-1c1e3b9ff341
2026-03-05T13:07:29.689Z - GET /students
2026-03-05T13:07:29.708Z - GET /classes
2026-03-05T13:07:29.696Z - GET /teachers
2026-03-05T13:07:29.713Z - GET /events
2026-03-05T13:07:29.723Z - GET /parents
2026-03-05T13:07:30.808Z - GET /classes
2026-03-05T13:07:31.065Z - GET /events
2026-03-05T13:07:31.133Z - GET /organizations/7add9398-9053-448c-8389-1c1e3b9ff341
2026-03-05T13:07:31.330Z - GET /teachers
2026-03-05T13:07:31.625Z - GET /students
2026-03-05T13:07:31.642Z - GET /parents
2026-03-05T13:07:35.618Z - GET /education-payments
2026-03-05T13:07:35.627Z - GET /education-payments/collections
2026-03-05T13:07:35.814Z - GET /education-payments/collections
2026-03-05T13:07:36.186Z - GET /education-payments
2026-03-05T13:07:45.179Z - GET /classes
2026-03-05T13:07:45.173Z - GET /students
2026-03-05T13:07:45.957Z - GET /students
2026-03-05T13:07:47.281Z - GET /classes
2026-03-05T13:08:02.515Z - POST /auth/login
2026-03-05T13:08:05.450Z - GET /organizations/7add9398-9053-448c-8389-1c1e3b9ff341
2026-03-05T13:08:05.458Z - GET /grades/student
2026-03-05T13:08:05.472Z - GET /attendance/student
2026-03-05T13:08:05.479Z - GET /events
2026-03-05T13:08:05.681Z - GET /events
2026-03-05T13:08:06.049Z - GET /grades/student
2026-03-05T13:08:06.055Z - GET /attendance/student
2026-03-05T13:08:06.917Z - GET /organizations/7add9398-9053-448c-8389-1c1e3b9ff341
2026-03-05T13:08:17.229Z - GET /banks/active
2026-03-05T13:08:17.237Z - GET /education-payments/collections
2026-03-05T13:08:17.242Z - GET /education-payments
2026-03-05T13:08:17.425Z - GET /education-payments/collections
2026-03-05T13:08:17.429Z - GET /banks/active
2026-03-05T13:08:20.177Z - GET /education-payments
2026-03-12T09:40:40.365Z - POST /arifpay/session
2026-03-12T09:42:13.320Z - POST /auth/login
2026-03-12T09:43:25.249Z - POST /auth/login
2026-03-12T09:43:56.293Z - POST /arifpay/session
2026-03-12T09:44:58.838Z - POST /arifpay/session
2026-03-12T09:46:29.418Z - POST /arifpay/session
2026-03-12T11:07:16.770Z - POST /arifpay/session
2026-03-12T11:42:01.295Z - POST /auth/login
2026-03-12T11:42:17.896Z - POST /auth/login
2026-03-12T11:42:23.329Z - GET /organizations/7add9398-9053-448c-8389-1c1e3b9ff341
2026-03-12T11:42:23.428Z - GET /students
2026-03-12T11:42:23.467Z - GET /classes
2026-03-12T11:42:23.450Z - GET /teachers
2026-03-12T11:42:23.477Z - GET /events
2026-03-12T11:42:23.488Z - GET /parents
2026-03-12T11:42:24.681Z - GET /classes
2026-03-12T11:42:24.921Z - GET /events
2026-03-12T11:42:25.031Z - GET /organizations/7add9398-9053-448c-8389-1c1e3b9ff341
2026-03-12T11:42:25.532Z - GET /teachers
2026-03-12T11:42:26.005Z - GET /parents
2026-03-12T11:42:26.010Z - GET /students
2026-03-12T11:42:28.636Z - GET /students
2026-03-12T11:42:28.644Z - GET /classes
2026-03-12T11:42:30.022Z - GET /students
2026-03-12T11:42:30.276Z - GET /classes
2026-03-12T11:42:39.668Z - GET /students
2026-03-12T11:42:39.673Z - GET /teachers
2026-03-12T11:42:39.680Z - GET /classes
2026-03-12T11:42:39.683Z - GET /events
2026-03-12T11:42:39.690Z - GET /parents
2026-03-12T11:42:40.106Z - GET /events
2026-03-12T11:42:41.566Z - GET /classes
2026-03-12T11:42:43.322Z - GET /teachers
2026-03-12T11:42:43.330Z - GET /classes
2026-03-12T11:42:43.432Z - GET /parents
2026-03-12T11:42:43.515Z - GET /students
2026-03-12T11:42:43.708Z - GET /subjects
2026-03-12T11:42:43.914Z - GET /teachers
2026-03-12T11:42:44.397Z - GET /classes
2026-03-12T11:42:44.564Z - GET /teachers
2026-03-12T11:42:44.654Z - GET /subjects
2026-03-12T11:42:45.508Z - GET /classes
2026-03-12T11:42:45.512Z - GET /students
2026-03-12T11:42:45.628Z - GET /subjects
2026-03-12T11:42:46.388Z - GET /students
2026-03-12T11:42:46.523Z - GET /classes
2026-03-12T11:42:46.701Z - GET /subjects
2026-03-12T11:42:47.280Z - GET /students
2026-03-12T11:42:47.627Z - GET /classes
2026-03-12T11:42:48.173Z - GET /students
2026-03-12T11:42:48.865Z - GET /classes
2026-03-12T11:42:50.180Z - GET /classes
2026-03-12T11:42:51.229Z - GET /classes
2026-03-12T11:43:17.136Z - GET /organizations/7add9398-9053-448c-8389-1c1e3b9ff341
2026-03-12T11:43:20.922Z - GET /organizations/7add9398-9053-448c-8389-1c1e3b9ff341
2026-03-12T11:43:24.556Z - GET /invoices/org/7add9398-9053-448c-8389-1c1e3b9ff341
2026-03-12T11:43:24.560Z - GET /banks/active
2026-03-12T11:43:24.938Z - GET /banks/active
2026-03-12T11:43:25.375Z - GET /invoices/org/7add9398-9053-448c-8389-1c1e3b9ff341
2026-03-12T12:31:24.019Z - POST /auth/login
2026-03-12T12:31:31.719Z - POST /auth/login
2026-03-13T09:03:03.155Z - POST /auth/login
2026-03-13T09:03:29.970Z - POST /auth/login
2026-03-13T09:03:33.949Z - GET /organizations/7add9398-9053-448c-8389-1c1e3b9ff341
2026-03-13T09:03:34.009Z - GET /teachers
2026-03-13T09:03:34.001Z - GET /students
2026-03-13T09:03:34.016Z - GET /classes
2026-03-13T09:03:34.020Z - GET /events
2026-03-13T09:03:34.024Z - GET /parents
2026-03-13T09:03:35.921Z - GET /classes
2026-03-13T09:03:36.942Z - GET /events
2026-03-13T09:03:36.946Z - GET /organizations/7add9398-9053-448c-8389-1c1e3b9ff341
2026-03-13T09:03:37.579Z - GET /teachers
2026-03-13T09:03:37.867Z - GET /parents
2026-03-13T09:03:37.871Z - GET /students
2026-03-13T09:03:45.131Z - GET /messages/my
2026-03-13T09:03:45.609Z - GET /messages/my
2026-03-13T09:03:49.251Z - GET /organizations/7add9398-9053-448c-8389-1c1e3b9ff341
2026-03-13T09:03:49.673Z - GET /organizations/7add9398-9053-448c-8389-1c1e3b9ff341
2026-03-13T09:03:51.156Z - GET /invoices/org/7add9398-9053-448c-8389-1c1e3b9ff341
2026-03-13T09:03:51.161Z - GET /banks/active
2026-03-13T09:03:51.377Z - GET /banks/active
2026-03-13T09:03:51.728Z - GET /invoices/org/7add9398-9053-448c-8389-1c1e3b9ff341
2026-03-13T09:07:22.708Z - GET /invoices/org/7add9398-9053-448c-8389-1c1e3b9ff341
2026-03-13T09:07:22.713Z - GET /banks/active
2026-03-13T09:09:18.439Z - GET /organizations/7add9398-9053-448c-8389-1c1e3b9ff341
2026-03-13T09:09:18.465Z - GET /banks/active
2026-03-13T09:09:18.469Z - GET /invoices/org/7add9398-9053-448c-8389-1c1e3b9ff341
2026-03-13T09:09:19.862Z - GET /banks/active
2026-03-13T09:09:20.251Z - GET /invoices/org/7add9398-9053-448c-8389-1c1e3b9ff341
2026-03-13T09:09:24.376Z - POST /chapa/session
2026-03-13T09:09:38.364Z - POST /chapa/session
2026-03-13T09:11:41.283Z - POST /chapa/session
2026-03-13T09:13:06.230Z - POST /chapa/session
2026-03-13T09:13:13.170Z - GET /organizations/7add9398-9053-448c-8389-1c1e3b9ff341
2026-03-13T09:13:13.323Z - GET /invoices/org/7add9398-9053-448c-8389-1c1e3b9ff341
2026-03-13T09:13:13.335Z - GET /banks/active
2026-03-13T09:13:14.697Z - GET /banks/active
2026-03-13T09:13:14.705Z - GET /invoices/org/7add9398-9053-448c-8389-1c1e3b9ff341
2026-03-13T09:13:18.509Z - POST /chapa/session
2026-03-13T09:15:29.128Z - GET /organizations/7add9398-9053-448c-8389-1c1e3b9ff341
2026-03-13T09:15:29.466Z - GET /invoices/org/7add9398-9053-448c-8389-1c1e3b9ff341
2026-03-13T09:15:29.475Z - GET /banks/active
2026-03-13T09:15:31.126Z - GET /invoices/org/7add9398-9053-448c-8389-1c1e3b9ff341
2026-03-13T09:15:31.186Z - GET /banks/active
2026-03-13T09:15:34.638Z - POST /chapa/session
2026-03-13T09:15:45.056Z - POST /auth/login
2026-03-13T09:15:47.412Z - GET /organizations/7add9398-9053-448c-8389-1c1e3b9ff341
2026-03-13T09:15:47.444Z - GET /students
2026-03-13T09:15:47.462Z - GET /teachers
2026-03-13T09:15:47.472Z - GET /classes
2026-03-13T09:15:47.481Z - GET /parents
2026-03-13T09:15:47.488Z - GET /events
2026-03-13T09:15:50.080Z - GET /organizations/7add9398-9053-448c-8389-1c1e3b9ff341
2026-03-13T09:15:51.293Z - GET /teachers
2026-03-13T09:15:51.588Z - GET /classes
2026-03-13T09:15:51.581Z - GET /students
2026-03-13T09:15:52.583Z - GET /events
2026-03-13T09:15:53.105Z - GET /parents
2026-03-13T09:15:53.278Z - GET /organizations/7add9398-9053-448c-8389-1c1e3b9ff341
2026-03-13T09:15:53.702Z - GET /organizations/7add9398-9053-448c-8389-1c1e3b9ff341
2026-03-13T09:15:56.422Z - GET /invoices/org/7add9398-9053-448c-8389-1c1e3b9ff341
2026-03-13T09:15:56.427Z - GET /banks/active
2026-03-13T09:15:56.661Z - GET /invoices/org/7add9398-9053-448c-8389-1c1e3b9ff341
2026-03-13T09:15:56.886Z - GET /banks/active
2026-03-13T09:16:01.025Z - POST /chapa/session
2026-03-13T09:17:14.262Z - POST /auth/login
2026-03-13T09:17:17.355Z - GET /organizations/7add9398-9053-448c-8389-1c1e3b9ff341
2026-03-13T09:17:17.445Z - GET /students
2026-03-13T09:17:17.458Z - GET /teachers
2026-03-13T09:17:17.471Z - GET /classes
2026-03-13T09:17:17.475Z - GET /events
2026-03-13T09:17:17.479Z - GET /parents
2026-03-13T09:17:18.599Z - GET /classes
2026-03-13T09:17:18.914Z - GET /events
2026-03-13T09:17:18.958Z - GET /organizations/7add9398-9053-448c-8389-1c1e3b9ff341
2026-03-13T09:17:19.401Z - GET /teachers
2026-03-13T09:17:19.533Z - GET /students
2026-03-13T09:17:19.730Z - GET /parents
2026-03-13T09:17:21.549Z - GET /organizations/7add9398-9053-448c-8389-1c1e3b9ff341
2026-03-13T09:17:21.947Z - GET /organizations/7add9398-9053-448c-8389-1c1e3b9ff341
2026-03-13T09:17:25.849Z - GET /invoices/org/7add9398-9053-448c-8389-1c1e3b9ff341
2026-03-13T09:17:25.855Z - GET /banks/active
2026-03-13T09:17:26.031Z - GET /invoices/org/7add9398-9053-448c-8389-1c1e3b9ff341
2026-03-13T09:17:26.251Z - GET /banks/active
2026-03-13T09:17:29.250Z - POST /chapa/session
2026-03-13T09:18:17.275Z - PATCH /invoices/2f6b8686-e637-47be-bfdb-9cfd7e321abf/tier
2026-03-13T09:18:18.058Z - PATCH /invoices/2f6b8686-e637-47be-bfdb-9cfd7e321abf/tier
2026-03-13T09:18:18.511Z - PATCH /invoices/2f6b8686-e637-47be-bfdb-9cfd7e321abf/tier
2026-03-13T09:18:18.704Z - PATCH /invoices/2f6b8686-e637-47be-bfdb-9cfd7e321abf/tier
2026-03-13T09:18:18.865Z - PATCH /invoices/2f6b8686-e637-47be-bfdb-9cfd7e321abf/tier
2026-03-13T09:20:09.148Z - GET /organizations/7add9398-9053-448c-8389-1c1e3b9ff341
2026-03-13T09:20:09.171Z - GET /invoices/org/7add9398-9053-448c-8389-1c1e3b9ff341
2026-03-13T09:20:09.174Z - GET /banks/active
2026-03-13T09:20:10.527Z - GET /invoices/org/7add9398-9053-448c-8389-1c1e3b9ff341
2026-03-13T09:20:10.561Z - GET /banks/active
2026-03-13T09:24:14.867Z - GET /organizations/7add9398-9053-448c-8389-1c1e3b9ff341
2026-03-13T09:24:15.245Z - GET /invoices/org/7add9398-9053-448c-8389-1c1e3b9ff341
2026-03-13T09:24:15.255Z - GET /banks/active
2026-03-13T09:24:17.431Z - GET /banks/active
2026-03-13T09:24:17.437Z - GET /invoices/org/7add9398-9053-448c-8389-1c1e3b9ff341
2026-03-13T09:24:22.168Z - POST /auth/login
2026-03-13T09:24:23.058Z - GET /organizations/7add9398-9053-448c-8389-1c1e3b9ff341
2026-03-13T09:24:23.119Z - GET /students
2026-03-13T09:24:23.134Z - GET /teachers
2026-03-13T09:24:23.147Z - GET /classes
2026-03-13T09:24:23.154Z - GET /events
2026-03-13T09:24:23.167Z - GET /parents
2026-03-13T09:24:24.397Z - GET /classes
2026-03-13T09:24:24.749Z - GET /events
2026-03-13T09:24:24.835Z - GET /organizations/7add9398-9053-448c-8389-1c1e3b9ff341
2026-03-13T09:24:25.021Z - GET /teachers
2026-03-13T09:24:25.204Z - GET /students
2026-03-13T09:24:25.284Z - GET /parents
2026-03-13T09:24:29.560Z - GET /organizations/7add9398-9053-448c-8389-1c1e3b9ff341
2026-03-13T09:24:29.936Z - GET /organizations/7add9398-9053-448c-8389-1c1e3b9ff341
2026-03-13T09:24:32.345Z - GET /invoices/org/7add9398-9053-448c-8389-1c1e3b9ff341
2026-03-13T09:24:32.349Z - GET /banks/active
2026-03-13T09:24:32.598Z - GET /invoices/org/7add9398-9053-448c-8389-1c1e3b9ff341
2026-03-13T09:24:32.775Z - GET /banks/active
2026-03-13T09:24:36.897Z - POST /chapa/session
2026-03-13T09:26:15.408Z - GET /organizations/7add9398-9053-448c-8389-1c1e3b9ff341
2026-03-13T09:26:15.581Z - GET /invoices/org/7add9398-9053-448c-8389-1c1e3b9ff341
2026-03-13T09:26:15.587Z - GET /banks/active
2026-03-13T09:26:16.849Z - GET /banks/active
2026-03-13T09:26:16.927Z - GET /invoices/org/7add9398-9053-448c-8389-1c1e3b9ff341
2026-03-13T09:27:04.360Z - GET /organizations/7add9398-9053-448c-8389-1c1e3b9ff341
2026-03-13T09:27:04.496Z - GET /invoices/org/7add9398-9053-448c-8389-1c1e3b9ff341
2026-03-13T09:27:04.501Z - GET /banks/active
2026-03-13T09:27:05.720Z - GET /invoices/org/7add9398-9053-448c-8389-1c1e3b9ff341
2026-03-13T09:27:05.792Z - GET /banks/active
2026-03-13T09:27:09.630Z - POST /chapa/session
2026-03-13T09:28:02.803Z - GET /organizations/7add9398-9053-448c-8389-1c1e3b9ff341
2026-03-13T09:28:03.113Z - GET /invoices/org/7add9398-9053-448c-8389-1c1e3b9ff341
2026-03-13T09:28:03.122Z - GET /banks/active
2026-03-13T09:28:04.413Z - GET /banks/active
2026-03-13T09:28:04.422Z - GET /invoices/org/7add9398-9053-448c-8389-1c1e3b9ff341
2026-03-13T09:31:39.327Z - POST /chapa/session
2026-03-13T09:32:20.790Z - GET /organizations/7add9398-9053-448c-8389-1c1e3b9ff341
2026-03-13T09:32:27.507Z - GET /organizations/7add9398-9053-448c-8389-1c1e3b9ff341
2026-03-13T09:32:33.405Z - GET /invoices/org/7add9398-9053-448c-8389-1c1e3b9ff341
2026-03-13T09:32:33.423Z - GET /banks/active
2026-03-13T09:32:33.602Z - GET /invoices/org/7add9398-9053-448c-8389-1c1e3b9ff341
2026-03-13T09:32:33.613Z - GET /banks/active
2026-03-13T09:33:37.149Z - POST /chapa/session
2026-03-13T09:38:41.538Z - GET /organizations/7add9398-9053-448c-8389-1c1e3b9ff341
2026-03-13T09:38:41.849Z - GET /invoices/org/7add9398-9053-448c-8389-1c1e3b9ff341
2026-03-13T09:38:41.855Z - GET /banks/active
2026-03-13T09:38:43.304Z - GET /invoices/org/7add9398-9053-448c-8389-1c1e3b9ff341
2026-03-13T09:38:43.300Z - GET /banks/active
2026-03-13T09:38:43.509Z - GET /organizations/7add9398-9053-448c-8389-1c1e3b9ff341
2026-03-13T09:38:43.529Z - GET /banks/active
2026-03-13T09:38:43.718Z - GET /banks/active
2026-03-13T09:38:44.524Z - GET /invoices/org/7add9398-9053-448c-8389-1c1e3b9ff341
2026-03-13T09:38:44.701Z - GET /invoices/org/7add9398-9053-448c-8389-1c1e3b9ff341
2026-03-13T09:41:42.770Z - POST /arifpay/session
2026-03-13T09:41:48.390Z - POST /chapa/session
2026-03-13T12:05:24.765Z - GET /organizations/7add9398-9053-448c-8389-1c1e3b9ff341
2026-03-13T12:05:25.000Z - GET /invoices/org/7add9398-9053-448c-8389-1c1e3b9ff341
2026-03-13T12:05:25.012Z - GET /banks/active
2026-03-13T12:05:27.081Z - GET /banks/active
2026-03-13T12:05:27.490Z - GET /invoices/org/7add9398-9053-448c-8389-1c1e3b9ff341
